mode: set
mistletoe/internal/app/config.go:56.48,58.54 2 1
mistletoe/internal/app/config.go:58.54,60.3 1 1
mistletoe/internal/app/config.go:62.2,62.32 1 1
mistletoe/internal/app/config.go:62.32,64.3 1 1
mistletoe/internal/app/config.go:66.2,66.44 1 1
mistletoe/internal/app/config.go:66.44,67.22 1 1
mistletoe/internal/app/config.go:67.22,69.4 1 1
mistletoe/internal/app/config.go:72.2,72.21 1 1
mistletoe/internal/app/config.go:77.53,79.23 2 1
mistletoe/internal/app/config.go:79.23,81.39 2 1
mistletoe/internal/app/config.go:81.39,82.23 1 1
mistletoe/internal/app/config.go:82.23,84.13 1 0
mistletoe/internal/app/config.go:86.4,89.17 4 1
mistletoe/internal/app/config.go:93.3,93.37 1 1
mistletoe/internal/app/config.go:93.37,95.4 1 1
mistletoe/internal/app/config.go:96.3,96.42 1 1
mistletoe/internal/app/config.go:96.42,98.4 1 1
mistletoe/internal/app/config.go:100.3,100.31 1 1
mistletoe/internal/app/config.go:100.31,102.4 1 0
mistletoe/internal/app/config.go:105.3,105.22 1 1
mistletoe/internal/app/config.go:105.22,106.45 1 1
mistletoe/internal/app/config.go:106.45,108.5 1 0
mistletoe/internal/app/config.go:110.4,110.48 1 1
mistletoe/internal/app/config.go:110.48,112.5 1 0
mistletoe/internal/app/config.go:116.3,116.47 1 1
mistletoe/internal/app/config.go:116.47,117.36 1 1
mistletoe/internal/app/config.go:117.36,119.5 1 1
mistletoe/internal/app/config.go:123.3,123.55 1 1
mistletoe/internal/app/config.go:123.55,124.40 1 1
mistletoe/internal/app/config.go:124.40,126.5 1 1
mistletoe/internal/app/config.go:130.3,130.51 1 1
mistletoe/internal/app/config.go:130.51,131.38 1 1
mistletoe/internal/app/config.go:131.38,133.5 1 1
mistletoe/internal/app/config.go:136.3,136.24 1 1
mistletoe/internal/app/config.go:136.24,138.4 1 1
mistletoe/internal/app/config.go:139.3,139.27 1 1
mistletoe/internal/app/config.go:141.2,141.12 1 1
mistletoe/internal/app/config.go:144.37,146.33 1 1
mistletoe/internal/app/config.go:146.33,148.3 1 1
mistletoe/internal/app/config.go:149.2,149.41 1 1
mistletoe/internal/app/config.go:154.41,155.38 1 1
mistletoe/internal/app/config.go:155.38,157.3 1 1
mistletoe/internal/app/config.go:159.2,159.21 1 0
mistletoe/internal/app/config.go:159.21,161.3 1 0
mistletoe/internal/app/config.go:162.2,164.41 3 0
mistletoe/internal/app/config.go:168.51,170.16 2 1
mistletoe/internal/app/config.go:170.16,172.3 1 1
mistletoe/internal/app/config.go:174.2,174.67 1 1
mistletoe/internal/app/config.go:174.67,176.3 1 0
mistletoe/internal/app/config.go:178.2,178.20 1 1
mistletoe/internal/app/config.go:182.57,183.22 1 1
mistletoe/internal/app/config.go:183.22,185.3 1 0
mistletoe/internal/app/config.go:187.2,188.16 2 1
mistletoe/internal/app/config.go:188.16,189.25 1 1
mistletoe/internal/app/config.go:189.25,191.4 1 1
mistletoe/internal/app/config.go:192.3,192.57 1 0
mistletoe/internal/app/config.go:195.2,195.29 1 1
mistletoe/internal/app/dependency.go:23.85,25.16 2 0
mistletoe/internal/app/dependency.go:25.16,27.3 1 0
mistletoe/internal/app/dependency.go:29.2,29.53 1 0
mistletoe/internal/app/dependency.go:33.85,35.30 2 1
mistletoe/internal/app/dependency.go:35.30,37.3 1 1
mistletoe/internal/app/dependency.go:39.2,64.21 6 1
mistletoe/internal/app/dependency.go:64.21,67.162 3 1
mistletoe/internal/app/dependency.go:67.162,68.12 1 1
mistletoe/internal/app/dependency.go:72.3,73.17 2 1
mistletoe/internal/app/dependency.go:73.17,74.12 1 1
mistletoe/internal/app/dependency.go:77.3,86.36 7 1
mistletoe/internal/app/dependency.go:86.36,87.12 1 0
mistletoe/internal/app/dependency.go:91.3,91.26 1 1
mistletoe/internal/app/dependency.go:91.26,93.4 1 1
mistletoe/internal/app/dependency.go:94.3,94.27 1 1
mistletoe/internal/app/dependency.go:94.27,96.4 1 1
mistletoe/internal/app/dependency.go:103.3,107.39 2 1
mistletoe/internal/app/dependency.go:107.39,110.4 1 1
mistletoe/internal/app/dependency.go:113.2,113.19 1 1
mistletoe/internal/app/dependency.go:116.54,118.22 2 1
mistletoe/internal/app/dependency.go:118.22,120.3 1 1
mistletoe/internal/app/dependency.go:121.2,121.11 1 0
mistletoe/internal/app/dependency.go:124.57,126.43 1 1
mistletoe/internal/app/dependency.go:126.43,127.21 1 1
mistletoe/internal/app/dependency.go:127.21,129.4 1 1
mistletoe/internal/app/dependency.go:132.2,133.45 2 1
mistletoe/internal/app/flags.go:13.64,19.33 4 1
mistletoe/internal/app/flags.go:19.33,20.26 1 1
mistletoe/internal/app/flags.go:20.26,22.4 1 1
mistletoe/internal/app/flags.go:25.2,25.33 1 1
mistletoe/internal/app/flags.go:25.33,27.55 2 1
mistletoe/internal/app/flags.go:27.55,31.39 3 1
mistletoe/internal/app/flags.go:31.39,33.5 1 0
mistletoe/internal/app/flags.go:35.4,35.35 1 1
mistletoe/internal/app/flags.go:35.35,38.5 2 0
mistletoe/internal/app/flags.go:40.4,40.30 1 1
mistletoe/internal/app/flags.go:40.30,42.5 1 1
mistletoe/internal/app/flags.go:44.4,44.14 1 1
mistletoe/internal/app/flags.go:44.14,48.56 2 1
mistletoe/internal/app/flags.go:48.56,49.25 1 1
mistletoe/internal/app/flags.go:49.25,52.7 2 1
mistletoe/internal/app/flags.go:52.12,55.7 1 1
mistletoe/internal/app/flags.go:57.5,57.13 1 1
mistletoe/internal/app/flags.go:61.3,61.33 1 1
mistletoe/internal/app/flags.go:65.2,66.26 2 1
mistletoe/internal/app/flags.go:73.36,74.31 1 1
mistletoe/internal/app/flags.go:74.31,76.3 1 1
mistletoe/internal/app/flags.go:77.2,77.14 1 1
mistletoe/internal/app/help.go:7.46,19.2 11 0
mistletoe/internal/app/init.go:12.93,16.16 2 0
mistletoe/internal/app/init.go:16.16,18.3 1 0
mistletoe/internal/app/init.go:21.2,22.16 2 0
mistletoe/internal/app/init.go:22.16,24.3 1 0
mistletoe/internal/app/init.go:25.2,25.18 1 0
mistletoe/internal/app/init.go:25.18,27.3 1 0
mistletoe/internal/app/init.go:28.2,28.19 1 0
mistletoe/internal/app/init.go:32.82,33.29 1 1
mistletoe/internal/app/init.go:33.29,36.25 3 1
mistletoe/internal/app/init.go:36.25,37.12 1 1
mistletoe/internal/app/init.go:39.3,39.17 1 1
mistletoe/internal/app/init.go:39.17,41.4 1 0
mistletoe/internal/app/init.go:43.3,43.20 1 1
mistletoe/internal/app/init.go:43.20,45.4 1 0
mistletoe/internal/app/init.go:48.3,49.44 2 1
mistletoe/internal/app/init.go:49.44,52.18 2 1
mistletoe/internal/app/init.go:52.18,55.5 1 0
mistletoe/internal/app/init.go:57.4,57.31 1 1
mistletoe/internal/app/init.go:57.31,59.5 1 1
mistletoe/internal/app/init.go:62.4,62.96 1 1
mistletoe/internal/app/init.go:62.96,64.19 2 0
mistletoe/internal/app/init.go:64.19,66.6 1 0
mistletoe/internal/app/init.go:67.5,67.15 1 0
mistletoe/internal/app/init.go:67.15,69.6 1 0
mistletoe/internal/app/init.go:72.9,74.24 1 1
mistletoe/internal/app/init.go:74.24,76.19 2 1
mistletoe/internal/app/init.go:76.19,78.6 1 0
mistletoe/internal/app/init.go:79.5,82.19 3 1
mistletoe/internal/app/init.go:82.19,85.6 1 1
mistletoe/internal/app/init.go:87.5,87.15 1 1
mistletoe/internal/app/init.go:89.4,89.18 1 1
mistletoe/internal/app/init.go:89.18,91.5 1 1
mistletoe/internal/app/init.go:94.2,94.12 1 1
mistletoe/internal/app/init.go:98.95,99.69 1 0
mistletoe/internal/app/init.go:99.69,101.3 1 0
mistletoe/internal/app/init.go:103.2,106.29 3 0
mistletoe/internal/app/init.go:106.29,108.28 2 0
mistletoe/internal/app/init.go:108.28,111.17 3 0
mistletoe/internal/app/init.go:111.17,111.26 1 0
mistletoe/internal/app/init.go:114.4,115.17 2 0
mistletoe/internal/app/init.go:115.17,117.5 1 0
mistletoe/internal/app/init.go:118.4,126.67 5 0
mistletoe/internal/app/init.go:126.67,128.46 2 0
mistletoe/internal/app/init.go:128.46,131.6 2 0
mistletoe/internal/app/init.go:134.4,134.19 1 0
mistletoe/internal/app/init.go:134.19,136.79 2 0
mistletoe/internal/app/init.go:136.79,140.6 2 0
mistletoe/internal/app/init.go:144.4,144.52 1 0
mistletoe/internal/app/init.go:144.52,147.102 2 0
mistletoe/internal/app/init.go:147.102,150.6 2 0
mistletoe/internal/app/init.go:152.5,152.49 1 0
mistletoe/internal/app/init.go:152.49,155.107 2 0
mistletoe/internal/app/init.go:155.107,157.7 1 0
mistletoe/internal/app/init.go:159.10,159.55 1 0
mistletoe/internal/app/init.go:159.55,162.100 2 0
mistletoe/internal/app/init.go:162.100,164.6 1 0
mistletoe/internal/app/init.go:168.2,169.12 2 0
mistletoe/internal/app/init.go:172.52,187.53 13 0
mistletoe/internal/app/init.go:187.53,190.3 2 0
mistletoe/internal/app/init.go:192.2,193.16 2 0
mistletoe/internal/app/init.go:193.16,196.3 2 0
mistletoe/internal/app/init.go:197.2,200.22 3 0
mistletoe/internal/app/init.go:200.22,202.3 1 0
mistletoe/internal/app/init.go:202.8,204.3 1 0
mistletoe/internal/app/init.go:206.2,206.16 1 0
mistletoe/internal/app/init.go:206.16,209.3 2 0
mistletoe/internal/app/init.go:211.2,211.98 1 0
mistletoe/internal/app/init.go:211.98,214.3 2 0
mistletoe/internal/app/pr.go:20.50,21.20 1 0
mistletoe/internal/app/pr.go:21.20,25.3 3 0
mistletoe/internal/app/pr.go:27.2,30.16 3 0
mistletoe/internal/app/pr.go:31.17,32.32 1 0
mistletoe/internal/app/pr.go:33.19,34.34 1 0
mistletoe/internal/app/pr.go:35.17,36.32 1 0
mistletoe/internal/app/pr.go:37.17,38.32 1 0
mistletoe/internal/app/pr.go:39.10,41.13 2 0
mistletoe/internal/app/pr.go:46.56,64.53 9 0
mistletoe/internal/app/pr.go:64.53,67.3 2 0
mistletoe/internal/app/pr.go:70.2,71.16 2 0
mistletoe/internal/app/pr.go:71.16,74.3 2 0
mistletoe/internal/app/pr.go:75.2,78.66 2 0
mistletoe/internal/app/pr.go:78.66,81.3 2 0
mistletoe/internal/app/pr.go:84.2,85.22 2 0
mistletoe/internal/app/pr.go:85.22,87.3 1 0
mistletoe/internal/app/pr.go:87.8,89.3 1 0
mistletoe/internal/app/pr.go:91.2,91.16 1 0
mistletoe/internal/app/pr.go:91.16,94.3 2 0
mistletoe/internal/app/pr.go:97.2,97.85 1 0
mistletoe/internal/app/pr.go:97.85,100.3 2 0
mistletoe/internal/app/pr.go:103.2,115.29 6 0
mistletoe/internal/app/pr.go:141.149,143.41 2 1
mistletoe/internal/app/pr.go:143.41,145.3 1 1
mistletoe/internal/app/pr.go:147.2,152.33 5 1
mistletoe/internal/app/pr.go:152.33,154.33 2 1
mistletoe/internal/app/pr.go:154.33,157.17 3 1
mistletoe/internal/app/pr.go:157.17,157.26 1 1
mistletoe/internal/app/pr.go:159.4,162.23 3 1
mistletoe/internal/app/pr.go:162.23,163.58 1 1
mistletoe/internal/app/pr.go:163.58,199.29 6 1
mistletoe/internal/app/pr.go:199.29,202.21 3 1
mistletoe/internal/app/pr.go:202.21,204.63 2 1
mistletoe/internal/app/pr.go:204.63,210.89 5 0
mistletoe/internal/app/pr.go:210.89,212.10 1 0
mistletoe/internal/app/pr.go:213.9,213.42 1 0
mistletoe/internal/app/pr.go:218.6,221.24 3 1
mistletoe/internal/app/pr.go:221.24,226.34 4 0
mistletoe/internal/app/pr.go:226.34,228.8 1 0
mistletoe/internal/app/pr.go:229.12,234.7 3 1
mistletoe/internal/app/pr.go:238.4,239.29 2 1
mistletoe/internal/app/pr.go:239.29,241.57 2 1
mistletoe/internal/app/pr.go:241.57,243.6 1 0
mistletoe/internal/app/pr.go:243.11,243.56 1 1
mistletoe/internal/app/pr.go:243.56,245.6 1 0
mistletoe/internal/app/pr.go:246.5,246.25 1 1
mistletoe/internal/app/pr.go:246.25,248.6 1 0
mistletoe/internal/app/pr.go:250.5,250.84 1 1
mistletoe/internal/app/pr.go:250.84,252.26 2 0
mistletoe/internal/app/pr.go:252.26,254.7 1 0
mistletoe/internal/app/pr.go:256.6,257.20 2 0
mistletoe/internal/app/pr.go:257.20,259.79 2 0
mistletoe/internal/app/pr.go:259.79,262.31 2 0
mistletoe/internal/app/pr.go:262.31,263.125 1 0
mistletoe/internal/app/pr.go:263.125,265.15 2 0
mistletoe/internal/app/pr.go:270.8,271.31 2 0
mistletoe/internal/app/pr.go:271.31,272.125 1 0
mistletoe/internal/app/pr.go:272.125,274.10 1 0
mistletoe/internal/app/pr.go:274.15,278.36 2 0
mistletoe/internal/app/pr.go:278.36,280.11 1 0
mistletoe/internal/app/pr.go:284.8,284.33 1 0
mistletoe/internal/app/pr.go:284.33,286.9 1 0
mistletoe/internal/app/pr.go:286.14,293.40 4 0
mistletoe/internal/app/pr.go:293.40,296.90 3 0
mistletoe/internal/app/pr.go:296.90,298.11 1 0
mistletoe/internal/app/pr.go:299.10,300.35 2 0
mistletoe/internal/app/pr.go:302.9,311.29 7 0
mistletoe/internal/app/pr.go:311.29,313.10 1 0
mistletoe/internal/app/pr.go:315.13,317.8 1 0
mistletoe/internal/app/pr.go:318.12,320.7 1 0
mistletoe/internal/app/pr.go:321.11,321.24 1 1
mistletoe/internal/app/pr.go:321.24,323.6 1 0
mistletoe/internal/app/pr.go:326.4,328.15 3 1
mistletoe/internal/app/pr.go:332.2,334.15 2 1
mistletoe/internal/app/pr.go:337.42,338.49 1 0
mistletoe/internal/app/pr.go:338.49,340.3 1 0
mistletoe/internal/app/pr.go:341.2,341.18 1 0
mistletoe/internal/app/pr.go:342.25,343.28 1 0
mistletoe/internal/app/pr.go:344.27,345.30 1 0
mistletoe/internal/app/pr.go:346.27,347.30 1 0
mistletoe/internal/app/pr.go:348.10,349.18 1 0
mistletoe/internal/app/pr.go:354.28,355.35 1 1
mistletoe/internal/app/pr.go:355.35,357.67 1 1
mistletoe/internal/app/pr.go:357.67,359.4 1 0
mistletoe/internal/app/pr.go:361.3,361.36 1 1
mistletoe/internal/app/pr.go:362.26,363.12 1 1
mistletoe/internal/app/pr.go:364.28,365.12 1 0
mistletoe/internal/app/pr.go:366.28,367.12 1 0
mistletoe/internal/app/pr.go:368.11,369.12 1 0
mistletoe/internal/app/pr.go:373.2,373.38 1 1
mistletoe/internal/app/pr.go:373.38,377.21 3 1
mistletoe/internal/app/pr.go:377.21,379.4 1 0
mistletoe/internal/app/pr.go:381.3,381.39 1 1
mistletoe/internal/app/pr.go:386.46,407.27 3 0
mistletoe/internal/app/pr.go:407.27,409.22 2 0
mistletoe/internal/app/pr.go:409.22,411.4 1 0
mistletoe/internal/app/pr.go:413.3,413.22 1 0
mistletoe/internal/app/pr.go:413.22,415.4 1 0
mistletoe/internal/app/pr.go:415.9,415.28 1 0
mistletoe/internal/app/pr.go:415.28,417.4 1 0
mistletoe/internal/app/pr.go:419.3,419.22 1 0
mistletoe/internal/app/pr.go:419.22,421.4 1 0
mistletoe/internal/app/pr.go:423.3,424.22 2 0
mistletoe/internal/app/pr.go:424.22,426.4 1 0
mistletoe/internal/app/pr.go:428.3,428.81 1 0
mistletoe/internal/app/pr.go:430.2,430.39 1 0
mistletoe/internal/app/pr.go:430.39,432.3 1 0
mistletoe/internal/app/pr.go:433.2,433.136 1 0
mistletoe/internal/app/pr.go:437.56,467.53 15 0
mistletoe/internal/app/pr.go:467.53,470.3 2 0
mistletoe/internal/app/pr.go:473.2,474.16 2 0
mistletoe/internal/app/pr.go:474.16,477.3 2 0
mistletoe/internal/app/pr.go:478.2,482.19 3 0
mistletoe/internal/app/pr.go:482.19,484.3 1 0
mistletoe/internal/app/pr.go:485.2,486.18 2 0
mistletoe/internal/app/pr.go:486.18,488.3 1 0
mistletoe/internal/app/pr.go:489.2,490.19 2 0
mistletoe/internal/app/pr.go:490.19,492.3 1 0
mistletoe/internal/app/pr.go:495.2,495.66 1 0
mistletoe/internal/app/pr.go:495.66,498.3 2 0
mistletoe/internal/app/pr.go:501.2,502.22 2 0
mistletoe/internal/app/pr.go:502.22,504.3 1 0
mistletoe/internal/app/pr.go:504.8,506.3 1 0
mistletoe/internal/app/pr.go:508.2,508.16 1 0
mistletoe/internal/app/pr.go:508.16,511.3 2 0
mistletoe/internal/app/pr.go:514.2,516.19 3 0
mistletoe/internal/app/pr.go:516.19,518.21 2 0
mistletoe/internal/app/pr.go:518.21,521.4 2 0
mistletoe/internal/app/pr.go:522.3,525.42 3 0
mistletoe/internal/app/pr.go:525.42,527.4 1 0
mistletoe/internal/app/pr.go:528.3,530.20 3 0
mistletoe/internal/app/pr.go:530.20,533.4 2 0
mistletoe/internal/app/pr.go:534.3,534.55 1 0
mistletoe/internal/app/pr.go:538.2,538.85 1 0
mistletoe/internal/app/pr.go:538.85,541.3 2 0
mistletoe/internal/app/pr.go:544.2,557.27 9 0
mistletoe/internal/app/pr.go:557.27,558.21 1 0
mistletoe/internal/app/pr.go:558.21,560.4 1 0
mistletoe/internal/app/pr.go:561.3,561.22 1 0
mistletoe/internal/app/pr.go:561.22,564.4 2 0
mistletoe/internal/app/pr.go:565.3,565.31 1 0
mistletoe/internal/app/pr.go:565.31,568.4 2 0
mistletoe/internal/app/pr.go:571.2,571.26 1 0
mistletoe/internal/app/pr.go:571.26,573.33 2 0
mistletoe/internal/app/pr.go:573.33,575.4 1 0
mistletoe/internal/app/pr.go:576.3,577.13 2 0
mistletoe/internal/app/pr.go:581.2,589.41 7 0
mistletoe/internal/app/pr.go:589.41,591.3 1 0
mistletoe/internal/app/pr.go:594.2,595.31 2 0
mistletoe/internal/app/pr.go:595.31,596.29 1 0
mistletoe/internal/app/pr.go:596.29,598.4 1 0
mistletoe/internal/app/pr.go:602.2,603.25 2 0
mistletoe/internal/app/pr.go:603.25,605.3 1 0
mistletoe/internal/app/pr.go:608.2,608.44 1 0
mistletoe/internal/app/pr.go:608.44,611.17 3 0
mistletoe/internal/app/pr.go:611.17,613.12 1 0
mistletoe/internal/app/pr.go:616.3,637.45 4 0
mistletoe/internal/app/pr.go:637.45,638.31 1 0
mistletoe/internal/app/pr.go:638.31,639.57 1 0
mistletoe/internal/app/pr.go:639.57,641.11 2 0
mistletoe/internal/app/pr.go:646.3,646.13 1 0
mistletoe/internal/app/pr.go:646.13,650.4 2 0
mistletoe/internal/app/pr.go:650.9,658.26 1 0
mistletoe/internal/app/pr.go:658.26,661.5 2 0
mistletoe/internal/app/pr.go:661.10,664.5 1 0
mistletoe/internal/app/pr.go:668.2,668.27 1 0
mistletoe/internal/app/pr.go:668.27,670.34 2 0
mistletoe/internal/app/pr.go:670.34,672.4 1 0
mistletoe/internal/app/pr.go:673.3,673.16 1 0
mistletoe/internal/app/pr.go:677.2,683.27 4 0
mistletoe/internal/app/pr.go:683.27,686.3 2 0
mistletoe/internal/app/pr.go:689.2,694.16 3 0
mistletoe/internal/app/pr.go:694.16,699.37 5 0
mistletoe/internal/app/pr.go:699.37,701.4 1 0
mistletoe/internal/app/pr.go:701.9,704.4 2 0
mistletoe/internal/app/pr.go:705.8,710.37 5 0
mistletoe/internal/app/pr.go:710.37,712.4 1 0
mistletoe/internal/app/pr.go:712.9,715.4 2 0
mistletoe/internal/app/pr.go:719.2,719.17 1 0
mistletoe/internal/app/pr.go:719.17,720.36 1 0
mistletoe/internal/app/pr.go:720.36,722.18 2 0
mistletoe/internal/app/pr.go:722.18,725.5 2 0
mistletoe/internal/app/pr.go:726.4,726.47 1 0
mistletoe/internal/app/pr.go:731.2,738.36 3 0
mistletoe/internal/app/pr.go:738.36,740.30 2 0
mistletoe/internal/app/pr.go:740.30,742.4 1 0
mistletoe/internal/app/pr.go:743.3,743.28 1 0
mistletoe/internal/app/pr.go:746.2,747.16 2 0
mistletoe/internal/app/pr.go:747.16,750.3 2 0
mistletoe/internal/app/pr.go:753.2,753.23 1 0
mistletoe/internal/app/pr.go:753.23,755.86 2 0
mistletoe/internal/app/pr.go:755.86,758.4 2 0
mistletoe/internal/app/pr.go:763.2,764.32 2 0
mistletoe/internal/app/pr.go:764.32,766.3 1 0
mistletoe/internal/app/pr.go:768.2,768.25 1 0
mistletoe/internal/app/pr.go:768.25,775.17 5 0
mistletoe/internal/app/pr.go:775.17,778.4 2 0
mistletoe/internal/app/pr.go:779.3,779.34 1 0
mistletoe/internal/app/pr.go:779.34,782.4 1 0
mistletoe/internal/app/pr.go:787.2,789.16 3 0
mistletoe/internal/app/pr.go:789.16,792.3 2 0
mistletoe/internal/app/pr.go:794.2,795.67 2 0
mistletoe/internal/app/pr.go:795.67,798.3 2 0
mistletoe/internal/app/pr.go:799.2,805.32 4 0
mistletoe/internal/app/pr.go:805.32,807.39 2 0
mistletoe/internal/app/pr.go:807.39,809.4 1 0
mistletoe/internal/app/pr.go:812.2,812.140 1 0
mistletoe/internal/app/pr.go:812.140,815.3 2 0
mistletoe/internal/app/pr.go:818.2,829.35 6 0
mistletoe/internal/app/pr.go:829.35,831.30 2 0
mistletoe/internal/app/pr.go:831.30,833.4 1 0
mistletoe/internal/app/pr.go:834.3,834.30 1 0
mistletoe/internal/app/pr.go:837.2,842.34 4 0
mistletoe/internal/app/pr.go:842.34,845.57 1 0
mistletoe/internal/app/pr.go:845.57,847.4 1 0
mistletoe/internal/app/pr.go:848.3,848.41 1 0
mistletoe/internal/app/pr.go:850.2,852.22 2 0
mistletoe/internal/app/pr.go:856.106,863.25 6 0
mistletoe/internal/app/pr.go:863.25,865.3 1 0
mistletoe/internal/app/pr.go:867.2,867.29 1 0
mistletoe/internal/app/pr.go:867.29,869.25 2 0
mistletoe/internal/app/pr.go:869.25,872.17 3 0
mistletoe/internal/app/pr.go:872.17,872.26 1 0
mistletoe/internal/app/pr.go:874.4,878.66 4 0
mistletoe/internal/app/pr.go:878.66,880.5 1 0
mistletoe/internal/app/pr.go:880.10,883.19 2 0
mistletoe/internal/app/pr.go:883.19,888.6 4 0
mistletoe/internal/app/pr.go:889.5,889.19 1 0
mistletoe/internal/app/pr.go:892.4,893.93 2 0
mistletoe/internal/app/pr.go:893.93,898.5 4 0
mistletoe/internal/app/pr.go:901.2,903.19 2 0
mistletoe/internal/app/pr.go:903.19,905.3 1 0
mistletoe/internal/app/pr.go:906.2,906.12 1 0
mistletoe/internal/app/pr.go:911.156,919.25 7 1
mistletoe/internal/app/pr.go:919.25,921.3 1 1
mistletoe/internal/app/pr.go:923.2,923.29 1 1
mistletoe/internal/app/pr.go:923.29,925.25 2 1
mistletoe/internal/app/pr.go:925.25,928.17 3 1
mistletoe/internal/app/pr.go:928.17,928.26 1 1
mistletoe/internal/app/pr.go:930.4,932.66 3 1
mistletoe/internal/app/pr.go:932.66,934.5 1 1
mistletoe/internal/app/pr.go:934.10,937.5 1 0
mistletoe/internal/app/pr.go:939.4,943.33 3 1
mistletoe/internal/app/pr.go:943.33,944.20 1 1
mistletoe/internal/app/pr.go:944.20,946.6 1 1
mistletoe/internal/app/pr.go:947.5,947.19 1 1
mistletoe/internal/app/pr.go:947.19,949.6 1 1
mistletoe/internal/app/pr.go:950.10,952.5 1 0
mistletoe/internal/app/pr.go:955.4,956.50 2 1
mistletoe/internal/app/pr.go:956.50,958.5 1 0
mistletoe/internal/app/pr.go:958.10,958.49 1 1
mistletoe/internal/app/pr.go:958.49,960.5 1 0
mistletoe/internal/app/pr.go:962.4,962.24 1 1
mistletoe/internal/app/pr.go:962.24,964.5 1 0
mistletoe/internal/app/pr.go:966.4,967.18 2 1
mistletoe/internal/app/pr.go:967.18,969.33 2 1
mistletoe/internal/app/pr.go:969.33,972.52 2 1
mistletoe/internal/app/pr.go:972.52,975.22 3 0
mistletoe/internal/app/pr.go:975.22,981.8 5 0
mistletoe/internal/app/pr.go:984.6,984.56 1 1
mistletoe/internal/app/pr.go:984.56,987.7 2 1
mistletoe/internal/app/pr.go:989.6,991.17 3 0
mistletoe/internal/app/pr.go:992.11,996.6 3 0
mistletoe/internal/app/pr.go:997.5,997.11 1 0
mistletoe/internal/app/pr.go:999.4,1005.15 5 0
mistletoe/internal/app/pr.go:1009.2,1011.19 2 1
mistletoe/internal/app/pr.go:1011.19,1013.3 1 0
mistletoe/internal/app/pr.go:1014.2,1014.19 1 1
mistletoe/internal/app/pr.go:1017.184,1018.21 1 0
mistletoe/internal/app/pr.go:1018.21,1020.3 1 0
mistletoe/internal/app/pr.go:1022.2,1033.31 7 0
mistletoe/internal/app/pr.go:1033.31,1034.30 1 0
mistletoe/internal/app/pr.go:1034.30,1036.4 1 0
mistletoe/internal/app/pr.go:1039.2,1039.26 1 0
mistletoe/internal/app/pr.go:1039.26,1041.21 2 0
mistletoe/internal/app/pr.go:1041.21,1044.17 3 0
mistletoe/internal/app/pr.go:1044.17,1044.26 1 0
mistletoe/internal/app/pr.go:1046.4,1051.18 4 0
mistletoe/internal/app/pr.go:1051.18,1056.5 4 0
mistletoe/internal/app/pr.go:1057.4,1058.46 2 0
mistletoe/internal/app/pr.go:1058.46,1060.5 1 0
mistletoe/internal/app/pr.go:1063.4,1064.18 2 0
mistletoe/internal/app/pr.go:1064.18,1069.5 4 0
mistletoe/internal/app/pr.go:1070.4,1080.18 5 0
mistletoe/internal/app/pr.go:1080.18,1085.5 4 0
mistletoe/internal/app/pr.go:1088.2,1090.19 2 0
mistletoe/internal/app/pr.go:1090.19,1092.3 1 0
mistletoe/internal/app/pr.go:1093.2,1093.12 1 0
mistletoe/internal/app/pr.go:1096.39,1097.32 1 1
mistletoe/internal/app/pr.go:1097.32,1099.3 1 1
mistletoe/internal/app/pr.go:1101.2,1101.22 1 0
mistletoe/internal/app/pr.go:1106.97,1110.29 2 1
mistletoe/internal/app/pr.go:1110.29,1112.3 1 0
mistletoe/internal/app/pr.go:1115.2,1116.16 2 1
mistletoe/internal/app/pr.go:1116.16,1118.3 1 0
mistletoe/internal/app/pr.go:1120.2,1121.29 2 1
mistletoe/internal/app/pr.go:1121.29,1123.22 2 1
mistletoe/internal/app/pr.go:1123.22,1125.44 1 0
mistletoe/internal/app/pr.go:1125.44,1127.5 1 0
mistletoe/internal/app/pr.go:1131.2,1131.16 1 1
mistletoe/internal/app/pr.go:1137.61,1139.16 2 1
mistletoe/internal/app/pr.go:1139.16,1141.3 1 0
mistletoe/internal/app/pr.go:1142.2,1143.16 2 1
mistletoe/internal/app/pr.go:1143.16,1145.3 1 0
mistletoe/internal/app/pr.go:1146.2,1146.12 1 1
mistletoe/internal/app/pr.go:1152.178,1160.25 7 1
mistletoe/internal/app/pr.go:1160.25,1162.3 1 0
mistletoe/internal/app/pr.go:1164.2,1164.29 1 1
mistletoe/internal/app/pr.go:1164.29,1166.25 2 1
mistletoe/internal/app/pr.go:1166.25,1169.17 3 1
mistletoe/internal/app/pr.go:1169.17,1169.26 1 1
mistletoe/internal/app/pr.go:1171.4,1174.63 2 1
mistletoe/internal/app/pr.go:1174.63,1179.5 4 0
mistletoe/internal/app/pr.go:1182.4,1183.18 2 1
mistletoe/internal/app/pr.go:1183.18,1188.5 4 0
mistletoe/internal/app/pr.go:1189.4,1190.64 2 1
mistletoe/internal/app/pr.go:1190.64,1195.5 4 0
mistletoe/internal/app/pr.go:1198.4,1199.50 2 1
mistletoe/internal/app/pr.go:1199.50,1201.5 1 0
mistletoe/internal/app/pr.go:1201.10,1201.49 1 1
mistletoe/internal/app/pr.go:1201.49,1203.5 1 1
mistletoe/internal/app/pr.go:1205.4,1205.24 1 1
mistletoe/internal/app/pr.go:1205.24,1208.19 3 1
mistletoe/internal/app/pr.go:1208.19,1213.6 4 0
mistletoe/internal/app/pr.go:1214.5,1214.25 1 1
mistletoe/internal/app/pr.go:1214.25,1219.6 4 1
mistletoe/internal/app/pr.go:1223.4,1223.23 1 1
mistletoe/internal/app/pr.go:1223.23,1224.60 1 0
mistletoe/internal/app/pr.go:1224.60,1231.6 4 0
mistletoe/internal/app/pr.go:1235.4,1238.66 3 1
mistletoe/internal/app/pr.go:1238.66,1240.5 1 0
mistletoe/internal/app/pr.go:1240.10,1243.19 2 1
mistletoe/internal/app/pr.go:1243.19,1248.6 4 0
mistletoe/internal/app/pr.go:1249.5,1249.19 1 1
mistletoe/internal/app/pr.go:1252.4,1253.23 2 1
mistletoe/internal/app/pr.go:1253.23,1258.5 4 0
mistletoe/internal/app/pr.go:1259.4,1261.19 2 1
mistletoe/internal/app/pr.go:1261.19,1265.5 3 1
mistletoe/internal/app/pr.go:1269.2,1271.19 2 1
mistletoe/internal/app/pr.go:1271.19,1273.3 1 1
mistletoe/internal/app/pr.go:1274.2,1274.25 1 1
mistletoe/internal/app/pr_body_logic.go:24.180,38.14 5 1
mistletoe/internal/app/pr_body_logic.go:38.14,40.3 1 0
mistletoe/internal/app/pr_body_logic.go:40.8,42.3 1 1
mistletoe/internal/app/pr_body_logic.go:44.2,54.32 8 1
mistletoe/internal/app/pr_body_logic.go:54.32,55.26 1 1
mistletoe/internal/app/pr_body_logic.go:55.26,57.4 1 1
mistletoe/internal/app/pr_body_logic.go:60.2,68.17 6 1
mistletoe/internal/app/pr_body_logic.go:68.17,69.33 1 1
mistletoe/internal/app/pr_body_logic.go:69.33,71.4 1 1
mistletoe/internal/app/pr_body_logic.go:72.3,74.33 3 1
mistletoe/internal/app/pr_body_logic.go:74.33,76.4 1 1
mistletoe/internal/app/pr_body_logic.go:77.3,77.28 1 1
mistletoe/internal/app/pr_body_logic.go:78.8,82.50 2 1
mistletoe/internal/app/pr_body_logic.go:82.50,83.28 1 1
mistletoe/internal/app/pr_body_logic.go:83.28,85.5 1 1
mistletoe/internal/app/pr_body_logic.go:88.3,89.50 2 1
mistletoe/internal/app/pr_body_logic.go:89.50,90.28 1 1
mistletoe/internal/app/pr_body_logic.go:90.28,92.5 1 1
mistletoe/internal/app/pr_body_logic.go:95.3,95.34 1 1
mistletoe/internal/app/pr_body_logic.go:95.34,99.13 3 1
mistletoe/internal/app/pr_body_logic.go:99.13,101.5 1 1
mistletoe/internal/app/pr_body_logic.go:102.4,102.15 1 1
mistletoe/internal/app/pr_body_logic.go:102.15,104.5 1 1
mistletoe/internal/app/pr_body_logic.go:105.4,105.26 1 1
mistletoe/internal/app/pr_body_logic.go:105.26,107.5 1 1
mistletoe/internal/app/pr_body_logic.go:110.3,114.48 4 1
mistletoe/internal/app/pr_body_logic.go:114.48,116.28 2 1
mistletoe/internal/app/pr_body_logic.go:116.28,118.5 1 1
mistletoe/internal/app/pr_body_logic.go:119.4,119.13 1 1
mistletoe/internal/app/pr_body_logic.go:122.3,124.43 3 1
mistletoe/internal/app/pr_body_logic.go:128.2,130.17 2 1
mistletoe/internal/app/pr_body_logic.go:130.17,131.24 1 1
mistletoe/internal/app/pr_body_logic.go:131.24,132.34 1 1
mistletoe/internal/app/pr_body_logic.go:132.34,134.5 1 1
mistletoe/internal/app/pr_body_logic.go:136.8,137.28 1 1
mistletoe/internal/app/pr_body_logic.go:137.28,139.38 2 1
mistletoe/internal/app/pr_body_logic.go:139.38,141.5 1 1
mistletoe/internal/app/pr_body_logic.go:142.4,142.24 1 1
mistletoe/internal/app/pr_body_logic.go:145.3,145.26 1 1
mistletoe/internal/app/pr_body_logic.go:145.26,147.36 2 1
mistletoe/internal/app/pr_body_logic.go:147.36,149.5 1 1
mistletoe/internal/app/pr_body_logic.go:150.4,150.24 1 1
mistletoe/internal/app/pr_body_logic.go:153.3,153.22 1 1
mistletoe/internal/app/pr_body_logic.go:153.22,155.32 2 1
mistletoe/internal/app/pr_body_logic.go:155.32,157.5 1 1
mistletoe/internal/app/pr_body_logic.go:160.2,177.29 12 1
mistletoe/internal/app/pr_body_logic.go:177.29,187.47 6 1
mistletoe/internal/app/pr_body_logic.go:187.47,189.51 2 1
mistletoe/internal/app/pr_body_logic.go:189.51,191.5 1 1
mistletoe/internal/app/pr_body_logic.go:192.9,195.51 3 1
mistletoe/internal/app/pr_body_logic.go:195.51,197.5 1 1
mistletoe/internal/app/pr_body_logic.go:198.4,198.27 1 1
mistletoe/internal/app/pr_body_logic.go:200.3,200.35 1 1
mistletoe/internal/app/pr_body_logic.go:204.2,214.20 10 1
mistletoe/internal/app/pr_body_logic.go:218.48,229.14 5 0
mistletoe/internal/app/pr_body_logic.go:229.14,231.3 1 0
mistletoe/internal/app/pr_body_logic.go:231.8,233.3 1 0
mistletoe/internal/app/pr_body_logic.go:235.2,244.20 9 0
mistletoe/internal/app/pr_body_logic.go:248.63,257.29 5 1
mistletoe/internal/app/pr_body_logic.go:257.29,258.52 1 1
mistletoe/internal/app/pr_body_logic.go:258.52,264.13 2 1
mistletoe/internal/app/pr_body_logic.go:264.13,267.64 2 1
mistletoe/internal/app/pr_body_logic.go:267.64,269.6 1 1
mistletoe/internal/app/pr_body_logic.go:274.4,274.40 1 1
mistletoe/internal/app/pr_body_logic.go:274.40,277.64 2 1
mistletoe/internal/app/pr_body_logic.go:277.64,279.11 2 1
mistletoe/internal/app/pr_body_logic.go:283.4,283.20 1 1
mistletoe/internal/app/pr_body_logic.go:283.20,284.10 1 1
mistletoe/internal/app/pr_body_logic.go:288.4,288.17 1 0
mistletoe/internal/app/pr_body_logic.go:292.2,292.36 1 1
mistletoe/internal/app/pr_body_logic.go:292.36,302.3 5 1
mistletoe/internal/app/pr_body_logic.go:305.2,305.57 1 1
mistletoe/internal/app/pr_body_logic.go:310.64,318.29 5 1
mistletoe/internal/app/pr_body_logic.go:318.29,319.52 1 1
mistletoe/internal/app/pr_body_logic.go:319.52,321.13 2 1
mistletoe/internal/app/pr_body_logic.go:321.13,323.64 2 1
mistletoe/internal/app/pr_body_logic.go:323.64,325.6 1 1
mistletoe/internal/app/pr_body_logic.go:327.4,327.40 1 1
mistletoe/internal/app/pr_body_logic.go:327.40,329.64 2 1
mistletoe/internal/app/pr_body_logic.go:329.64,331.11 2 1
mistletoe/internal/app/pr_body_logic.go:334.4,334.20 1 1
mistletoe/internal/app/pr_body_logic.go:334.20,335.10 1 1
mistletoe/internal/app/pr_body_logic.go:337.4,337.17 1 0
mistletoe/internal/app/pr_body_logic.go:341.2,341.36 1 1
mistletoe/internal/app/pr_body_logic.go:341.36,343.3 1 0
mistletoe/internal/app/pr_body_logic.go:345.2,361.28 6 1
mistletoe/internal/app/pr_body_logic.go:361.28,363.55 2 1
mistletoe/internal/app/pr_body_logic.go:363.55,367.26 3 1
mistletoe/internal/app/pr_body_logic.go:367.26,370.61 2 1
mistletoe/internal/app/pr_body_logic.go:370.61,372.6 1 1
mistletoe/internal/app/pr_body_logic.go:375.3,375.57 1 1
mistletoe/internal/app/pr_body_logic.go:375.57,379.26 3 1
mistletoe/internal/app/pr_body_logic.go:379.26,381.5 1 1
mistletoe/internal/app/pr_body_logic.go:385.2,385.27 1 1
mistletoe/internal/app/pr_body_logic.go:385.27,387.3 1 0
mistletoe/internal/app/pr_body_logic.go:389.2,389.43 1 1
mistletoe/internal/app/pr_checkout.go:11.58,29.53 9 0
mistletoe/internal/app/pr_checkout.go:29.53,32.3 2 0
mistletoe/internal/app/pr_checkout.go:34.2,35.17 2 0
mistletoe/internal/app/pr_checkout.go:35.17,37.3 1 0
mistletoe/internal/app/pr_checkout.go:39.2,39.17 1 0
mistletoe/internal/app/pr_checkout.go:39.17,42.3 2 0
mistletoe/internal/app/pr_checkout.go:44.2,45.34 2 0
mistletoe/internal/app/pr_checkout.go:45.34,47.3 1 0
mistletoe/internal/app/pr_checkout.go:48.2,51.66 2 0
mistletoe/internal/app/pr_checkout.go:51.66,54.3 2 0
mistletoe/internal/app/pr_checkout.go:57.2,59.16 3 0
mistletoe/internal/app/pr_checkout.go:59.16,62.3 2 0
mistletoe/internal/app/pr_checkout.go:63.2,68.16 4 0
mistletoe/internal/app/pr_checkout.go:68.16,71.3 2 0
mistletoe/internal/app/pr_checkout.go:74.2,74.26 1 0
mistletoe/internal/app/pr_checkout.go:74.26,76.59 2 0
mistletoe/internal/app/pr_checkout.go:76.59,83.24 5 0
mistletoe/internal/app/pr_checkout.go:83.24,98.31 4 0
mistletoe/internal/app/pr_checkout.go:98.31,99.26 1 0
mistletoe/internal/app/pr_checkout.go:99.26,102.7 2 0
mistletoe/internal/app/pr_checkout.go:106.5,107.39 2 0
mistletoe/internal/app/pr_checkout.go:107.39,109.24 2 0
mistletoe/internal/app/pr_checkout.go:109.24,111.15 2 0
mistletoe/internal/app/pr_checkout.go:114.6,117.22 2 0
mistletoe/internal/app/pr_checkout.go:117.22,123.7 1 0
mistletoe/internal/app/pr_checkout.go:126.5,126.27 1 0
mistletoe/internal/app/pr_checkout.go:126.27,129.45 2 0
mistletoe/internal/app/pr_checkout.go:129.45,134.23 3 0
mistletoe/internal/app/pr_checkout.go:134.23,136.66 2 0
mistletoe/internal/app/pr_checkout.go:136.66,138.9 1 0
mistletoe/internal/app/pr_checkout.go:141.7,141.40 1 0
mistletoe/internal/app/pr_checkout.go:141.40,145.97 1 0
mistletoe/internal/app/pr_checkout.go:145.97,147.43 1 0
mistletoe/internal/app/pr_checkout.go:147.43,150.15 3 0
mistletoe/internal/app/pr_checkout.go:154.7,154.15 1 0
mistletoe/internal/app/pr_checkout.go:154.15,156.8 1 0
mistletoe/internal/app/pr_checkout.go:158.6,158.37 1 0
mistletoe/internal/app/pr_checkout.go:161.9,163.4 1 0
mistletoe/internal/app/pr_checkout.go:167.2,167.36 1 0
mistletoe/internal/app/pr_checkout.go:167.36,170.3 2 0
mistletoe/internal/app/pr_checkout.go:172.2,175.94 2 0
mistletoe/internal/app/pr_checkout.go:175.94,180.3 2 0
mistletoe/internal/app/pr_checkout.go:183.2,190.29 7 0
mistletoe/internal/app/pr_input_logic.go:19.54,23.21 3 1
mistletoe/internal/app/pr_input_logic.go:23.21,25.3 1 0
mistletoe/internal/app/pr_input_logic.go:27.2,29.54 2 1
mistletoe/internal/app/pr_input_logic.go:29.54,33.3 3 1
mistletoe/internal/app/pr_input_logic.go:35.2,35.20 1 1
mistletoe/internal/app/pr_input_logic.go:35.20,36.40 1 1
mistletoe/internal/app/pr_input_logic.go:36.40,40.4 2 1
mistletoe/internal/app/pr_input_logic.go:43.3,43.22 1 1
mistletoe/internal/app/pr_input_logic.go:47.2,47.18 1 1
mistletoe/internal/app/pr_update.go:11.56,33.53 11 0
mistletoe/internal/app/pr_update.go:33.53,36.3 2 0
mistletoe/internal/app/pr_update.go:39.2,40.16 2 0
mistletoe/internal/app/pr_update.go:40.16,43.3 2 0
mistletoe/internal/app/pr_update.go:44.2,46.19 3 0
mistletoe/internal/app/pr_update.go:46.19,48.3 1 0
mistletoe/internal/app/pr_update.go:51.2,51.66 1 0
mistletoe/internal/app/pr_update.go:51.66,54.3 2 0
mistletoe/internal/app/pr_update.go:57.2,58.22 2 0
mistletoe/internal/app/pr_update.go:58.22,60.3 1 0
mistletoe/internal/app/pr_update.go:60.8,62.3 1 0
mistletoe/internal/app/pr_update.go:64.2,64.16 1 0
mistletoe/internal/app/pr_update.go:64.16,67.3 2 0
mistletoe/internal/app/pr_update.go:70.2,72.19 3 0
mistletoe/internal/app/pr_update.go:72.19,74.21 2 0
mistletoe/internal/app/pr_update.go:74.21,77.4 2 0
mistletoe/internal/app/pr_update.go:78.3,81.42 3 0
mistletoe/internal/app/pr_update.go:81.42,83.4 1 0
mistletoe/internal/app/pr_update.go:84.3,86.20 3 0
mistletoe/internal/app/pr_update.go:86.20,89.4 2 0
mistletoe/internal/app/pr_update.go:90.3,90.55 1 0
mistletoe/internal/app/pr_update.go:94.2,94.85 1 0
mistletoe/internal/app/pr_update.go:94.85,97.3 2 0
mistletoe/internal/app/pr_update.go:100.2,116.27 9 0
mistletoe/internal/app/pr_update.go:116.27,117.21 1 0
mistletoe/internal/app/pr_update.go:117.21,119.4 1 0
mistletoe/internal/app/pr_update.go:120.3,120.22 1 0
mistletoe/internal/app/pr_update.go:120.22,123.4 2 0
mistletoe/internal/app/pr_update.go:124.3,124.31 1 0
mistletoe/internal/app/pr_update.go:124.31,127.4 2 0
mistletoe/internal/app/pr_update.go:130.2,130.26 1 0
mistletoe/internal/app/pr_update.go:130.26,132.33 2 0
mistletoe/internal/app/pr_update.go:132.33,134.4 1 0
mistletoe/internal/app/pr_update.go:135.3,136.13 2 0
mistletoe/internal/app/pr_update.go:141.2,144.41 4 0
mistletoe/internal/app/pr_update.go:144.41,146.3 1 0
mistletoe/internal/app/pr_update.go:148.2,148.31 1 0
mistletoe/internal/app/pr_update.go:148.31,149.29 1 0
mistletoe/internal/app/pr_update.go:149.29,152.39 2 0
mistletoe/internal/app/pr_update.go:152.39,153.57 1 0
mistletoe/internal/app/pr_update.go:153.57,155.11 2 0
mistletoe/internal/app/pr_update.go:159.4,159.15 1 0
mistletoe/internal/app/pr_update.go:159.15,161.41 2 0
mistletoe/internal/app/pr_update.go:161.41,163.6 1 0
mistletoe/internal/app/pr_update.go:168.2,168.27 1 0
mistletoe/internal/app/pr_update.go:168.27,171.3 2 0
mistletoe/internal/app/pr_update.go:175.2,177.25 3 0
mistletoe/internal/app/pr_update.go:177.25,179.3 1 0
mistletoe/internal/app/pr_update.go:181.2,181.35 1 0
mistletoe/internal/app/pr_update.go:181.35,183.44 2 0
mistletoe/internal/app/pr_update.go:183.44,184.26 1 0
mistletoe/internal/app/pr_update.go:184.26,186.5 1 0
mistletoe/internal/app/pr_update.go:190.2,190.23 1 0
mistletoe/internal/app/pr_update.go:190.23,192.86 2 0
mistletoe/internal/app/pr_update.go:192.86,195.4 2 0
mistletoe/internal/app/pr_update.go:209.2,211.16 3 0
mistletoe/internal/app/pr_update.go:211.16,214.3 2 0
mistletoe/internal/app/pr_update.go:216.2,218.67 2 0
mistletoe/internal/app/pr_update.go:218.67,221.3 2 0
mistletoe/internal/app/pr_update.go:222.2,230.140 3 0
mistletoe/internal/app/pr_update.go:230.140,233.3 2 0
mistletoe/internal/app/pr_update.go:239.2,240.29 2 0
mistletoe/internal/app/pr_update.go:240.29,241.57 1 0
mistletoe/internal/app/pr_update.go:241.57,243.4 1 0
mistletoe/internal/app/pr_update.go:244.3,244.41 1 0
mistletoe/internal/app/pr_update.go:246.2,248.22 2 0
mistletoe/internal/app/push.go:11.52,24.53 11 0
mistletoe/internal/app/push.go:24.53,27.3 2 0
mistletoe/internal/app/push.go:29.2,30.16 2 0
mistletoe/internal/app/push.go:30.16,33.3 2 0
mistletoe/internal/app/push.go:34.2,37.22 3 0
mistletoe/internal/app/push.go:37.22,39.3 1 0
mistletoe/internal/app/push.go:39.8,41.3 1 0
mistletoe/internal/app/push.go:43.2,43.16 1 0
mistletoe/internal/app/push.go:43.16,46.3 2 0
mistletoe/internal/app/push.go:48.2,50.48 2 0
mistletoe/internal/app/push.go:50.48,54.3 3 0
mistletoe/internal/app/push.go:56.2,59.85 2 0
mistletoe/internal/app/push.go:59.85,61.3 1 0
mistletoe/internal/app/push.go:64.2,70.27 4 0
mistletoe/internal/app/push.go:70.27,71.22 1 0
mistletoe/internal/app/push.go:71.22,73.4 1 0
mistletoe/internal/app/push.go:76.2,76.27 1 0
mistletoe/internal/app/push.go:76.27,77.21 1 0
mistletoe/internal/app/push.go:77.21,79.4 1 0
mistletoe/internal/app/push.go:83.2,84.27 2 0
mistletoe/internal/app/push.go:84.27,85.22 1 0
mistletoe/internal/app/push.go:85.22,87.4 1 0
mistletoe/internal/app/push.go:90.2,90.24 1 0
mistletoe/internal/app/push.go:90.24,93.3 2 0
mistletoe/internal/app/push.go:95.2,101.36 6 0
mistletoe/internal/app/push.go:101.36,102.32 1 0
mistletoe/internal/app/push.go:102.32,105.114 2 0
mistletoe/internal/app/push.go:105.114,107.5 1 0
mistletoe/internal/app/run.go:30.57,32.19 1 1
mistletoe/internal/app/run.go:32.19,34.3 1 1
mistletoe/internal/app/run.go:36.2,39.36 3 1
mistletoe/internal/app/run.go:43.26,44.58 1 0
mistletoe/internal/app/run.go:44.58,46.3 1 0
mistletoe/internal/app/run.go:47.2,47.14 1 0
mistletoe/internal/app/run.go:50.25,51.57 1 0
mistletoe/internal/app/run.go:51.57,53.3 1 0
mistletoe/internal/app/run.go:54.2,54.13 1 0
mistletoe/internal/app/run.go:57.40,60.2 2 0
mistletoe/internal/app/run.go:63.118,64.27 1 0
mistletoe/internal/app/run.go:64.27,66.3 1 0
mistletoe/internal/app/run.go:66.8,68.3 1 0
mistletoe/internal/app/run.go:69.2,73.16 4 0
mistletoe/internal/app/run.go:73.16,76.3 2 0
mistletoe/internal/app/run.go:78.2,83.36 4 0
mistletoe/internal/app/run.go:83.36,86.3 2 0
mistletoe/internal/app/run.go:88.2,89.27 2 0
mistletoe/internal/app/run.go:89.27,91.3 1 0
mistletoe/internal/app/run.go:93.2,98.20 2 0
mistletoe/internal/app/run.go:99.15,100.31 1 0
mistletoe/internal/app/run.go:101.19,102.35 1 0
mistletoe/internal/app/run.go:103.17,104.33 1 0
mistletoe/internal/app/run.go:105.17,106.33 1 0
mistletoe/internal/app/run.go:107.15,108.31 1 0
mistletoe/internal/app/run.go:109.15,110.31 1 0
mistletoe/internal/app/run.go:111.15,112.31 1 0
mistletoe/internal/app/run.go:113.18,114.28 1 0
mistletoe/internal/app/run.go:114.28,116.4 1 0
mistletoe/internal/app/run.go:116.9,118.4 1 0
mistletoe/internal/app/run.go:119.10,120.31 1 0
mistletoe/internal/app/run.go:121.10,122.72 1 0
mistletoe/internal/app/run.go:122.72,124.4 1 0
mistletoe/internal/app/run.go:125.3,126.13 2 0
mistletoe/internal/app/snapshot.go:15.56,36.53 11 0
mistletoe/internal/app/snapshot.go:36.53,39.3 2 0
mistletoe/internal/app/snapshot.go:41.2,42.22 2 0
mistletoe/internal/app/snapshot.go:42.22,44.3 1 0
mistletoe/internal/app/snapshot.go:47.2,49.16 3 0
mistletoe/internal/app/snapshot.go:49.16,52.3 2 0
mistletoe/internal/app/snapshot.go:53.2,55.45 2 0
mistletoe/internal/app/snapshot.go:55.45,56.23 1 0
mistletoe/internal/app/snapshot.go:56.23,58.4 1 0
mistletoe/internal/app/snapshot.go:58.9,60.4 1 0
mistletoe/internal/app/snapshot.go:61.3,61.17 1 0
mistletoe/internal/app/snapshot.go:61.17,64.4 2 0
mistletoe/internal/app/snapshot.go:67.2,68.16 2 0
mistletoe/internal/app/snapshot.go:68.16,71.3 2 0
mistletoe/internal/app/snapshot.go:74.2,75.32 2 0
mistletoe/internal/app/snapshot.go:75.32,76.21 1 0
mistletoe/internal/app/snapshot.go:76.21,77.12 1 0
mistletoe/internal/app/snapshot.go:79.3,80.44 2 0
mistletoe/internal/app/snapshot.go:80.44,82.4 1 0
mistletoe/internal/app/snapshot.go:85.2,90.36 5 0
mistletoe/internal/app/snapshot.go:90.36,92.27 2 0
mistletoe/internal/app/snapshot.go:92.27,95.17 3 0
mistletoe/internal/app/snapshot.go:95.17,95.26 1 0
mistletoe/internal/app/snapshot.go:98.4,99.18 2 0
mistletoe/internal/app/snapshot.go:99.18,102.19 2 0
mistletoe/internal/app/snapshot.go:102.19,105.6 2 0
mistletoe/internal/app/snapshot.go:109.4,110.18 2 0
mistletoe/internal/app/snapshot.go:110.18,113.5 2 0
mistletoe/internal/app/snapshot.go:115.4,117.24 2 0
mistletoe/internal/app/snapshot.go:117.24,120.19 3 0
mistletoe/internal/app/snapshot.go:120.19,123.6 2 0
mistletoe/internal/app/snapshot.go:126.4,129.20 3 0
mistletoe/internal/app/snapshot.go:129.20,131.5 1 0
mistletoe/internal/app/snapshot.go:132.4,133.22 2 0
mistletoe/internal/app/snapshot.go:133.22,135.5 1 0
mistletoe/internal/app/snapshot.go:136.4,140.51 3 0
mistletoe/internal/app/snapshot.go:140.51,141.51 1 0
mistletoe/internal/app/snapshot.go:141.51,143.27 2 0
mistletoe/internal/app/snapshot.go:143.27,144.67 1 0
mistletoe/internal/app/snapshot.go:144.67,146.8 1 0
mistletoe/internal/app/snapshot.go:146.13,146.66 1 0
mistletoe/internal/app/snapshot.go:146.66,148.8 1 0
mistletoe/internal/app/snapshot.go:149.7,149.12 1 0
mistletoe/internal/app/snapshot.go:154.4,164.15 4 0
mistletoe/internal/app/snapshot.go:168.2,170.22 2 0
mistletoe/internal/app/snapshot.go:170.22,173.3 2 0
mistletoe/internal/app/snapshot.go:175.2,175.47 1 0
mistletoe/internal/app/snapshot.go:175.47,178.3 2 0
mistletoe/internal/app/snapshot.go:182.2,182.40 1 0
mistletoe/internal/app/snapshot.go:182.40,184.3 1 0
mistletoe/internal/app/snapshot.go:186.2,191.16 3 0
mistletoe/internal/app/snapshot.go:191.16,194.3 2 0
mistletoe/internal/app/snapshot.go:196.2,196.61 1 0
mistletoe/internal/app/snapshot.go:196.61,199.3 2 0
mistletoe/internal/app/snapshot.go:201.2,201.50 1 0
mistletoe/internal/app/snapshot.go:207.79,217.2 1 0
mistletoe/internal/app/snapshot.go:220.100,224.44 2 0
mistletoe/internal/app/snapshot.go:224.44,226.41 2 0
mistletoe/internal/app/snapshot.go:226.41,228.12 1 0
mistletoe/internal/app/snapshot.go:233.3,234.17 2 0
mistletoe/internal/app/snapshot.go:234.17,236.23 1 0
mistletoe/internal/app/snapshot.go:236.23,238.5 1 0
mistletoe/internal/app/snapshot.go:242.3,243.17 2 0
mistletoe/internal/app/snapshot.go:243.17,245.4 1 0
mistletoe/internal/app/snapshot.go:248.3,249.17 2 0
mistletoe/internal/app/snapshot.go:249.17,251.4 1 0
mistletoe/internal/app/snapshot.go:254.3,254.23 1 0
mistletoe/internal/app/snapshot.go:254.23,256.4 1 0
mistletoe/internal/app/snapshot.go:259.3,260.39 2 0
mistletoe/internal/app/snapshot.go:260.39,262.4 1 0
mistletoe/internal/app/snapshot.go:264.3,265.19 2 0
mistletoe/internal/app/snapshot.go:265.19,267.4 1 0
mistletoe/internal/app/snapshot.go:268.3,269.21 2 0
mistletoe/internal/app/snapshot.go:269.21,271.4 1 0
mistletoe/internal/app/snapshot.go:272.3,277.55 3 0
mistletoe/internal/app/snapshot.go:277.55,279.4 1 0
mistletoe/internal/app/snapshot.go:279.9,279.54 1 0
mistletoe/internal/app/snapshot.go:279.54,281.4 1 0
mistletoe/internal/app/snapshot.go:283.3,289.5 1 0
mistletoe/internal/app/snapshot.go:292.2,299.16 4 0
mistletoe/internal/app/snapshot.go:299.16,301.3 1 0
mistletoe/internal/app/snapshot.go:303.2,303.30 1 0
mistletoe/internal/app/snapshot.go:307.97,310.33 3 0
mistletoe/internal/app/snapshot.go:310.33,312.3 1 0
mistletoe/internal/app/snapshot.go:314.2,314.44 1 0
mistletoe/internal/app/snapshot.go:314.44,316.39 2 0
mistletoe/internal/app/snapshot.go:316.39,318.4 1 0
mistletoe/internal/app/snapshot.go:320.3,321.10 2 0
mistletoe/internal/app/snapshot.go:321.10,323.12 1 0
mistletoe/internal/app/snapshot.go:330.3,331.22 2 0
mistletoe/internal/app/snapshot.go:331.22,333.4 1 0
mistletoe/internal/app/snapshot.go:334.3,338.23 3 0
mistletoe/internal/app/snapshot.go:338.23,340.4 1 0
mistletoe/internal/app/snapshot.go:344.3,350.19 4 0
mistletoe/internal/app/snapshot.go:350.19,352.4 1 0
mistletoe/internal/app/snapshot.go:353.3,354.21 2 0
mistletoe/internal/app/snapshot.go:354.21,356.4 1 0
mistletoe/internal/app/snapshot.go:359.3,360.55 2 0
mistletoe/internal/app/snapshot.go:360.55,362.4 1 0
mistletoe/internal/app/snapshot.go:362.9,362.54 1 0
mistletoe/internal/app/snapshot.go:362.54,364.4 1 0
mistletoe/internal/app/snapshot.go:366.3,372.5 1 0
mistletoe/internal/app/snapshot.go:375.2,381.16 4 0
mistletoe/internal/app/snapshot.go:381.16,383.3 1 0
mistletoe/internal/app/snapshot.go:385.2,385.30 1 0
mistletoe/internal/app/snapshot.go:390.61,392.40 1 1
mistletoe/internal/app/snapshot.go:392.40,394.3 1 1
mistletoe/internal/app/snapshot.go:396.2,397.26 2 1
mistletoe/internal/app/snapshot.go:397.26,399.41 2 1
mistletoe/internal/app/snapshot.go:399.41,401.4 1 1
mistletoe/internal/app/snapshot.go:401.9,401.31 1 1
mistletoe/internal/app/snapshot.go:401.31,403.4 1 1
mistletoe/internal/app/snapshot.go:404.3,404.29 1 1
mistletoe/internal/app/snapshot.go:406.2,408.36 3 1
mistletoe/internal/app/status.go:9.54,22.53 11 0
mistletoe/internal/app/status.go:22.53,25.3 2 0
mistletoe/internal/app/status.go:27.2,28.16 2 0
mistletoe/internal/app/status.go:28.16,31.3 2 0
mistletoe/internal/app/status.go:32.2,35.22 3 0
mistletoe/internal/app/status.go:35.22,37.3 1 0
mistletoe/internal/app/status.go:37.8,39.3 1 0
mistletoe/internal/app/status.go:41.2,41.16 1 0
mistletoe/internal/app/status.go:41.16,44.3 2 0
mistletoe/internal/app/status.go:46.2,48.48 2 0
mistletoe/internal/app/status.go:48.48,52.3 3 0
mistletoe/internal/app/status.go:54.2,57.85 2 0
mistletoe/internal/app/status.go:57.85,59.3 1 0
mistletoe/internal/app/status.go:62.2,66.25 3 0
mistletoe/internal/app/status_logic.go:31.88,32.44 1 1
mistletoe/internal/app/status_logic.go:32.44,35.25 3 1
mistletoe/internal/app/status_logic.go:35.25,36.12 1 1
mistletoe/internal/app/status_logic.go:38.3,38.17 1 1
mistletoe/internal/app/status_logic.go:38.17,40.4 1 0
mistletoe/internal/app/status_logic.go:41.3,41.20 1 1
mistletoe/internal/app/status_logic.go:41.20,43.4 1 1
mistletoe/internal/app/status_logic.go:46.3,47.44 2 1
mistletoe/internal/app/status_logic.go:47.44,49.4 1 1
mistletoe/internal/app/status_logic.go:52.3,53.17 2 1
mistletoe/internal/app/status_logic.go:53.17,55.4 1 0
mistletoe/internal/app/status_logic.go:56.3,56.30 1 1
mistletoe/internal/app/status_logic.go:56.30,58.4 1 1
mistletoe/internal/app/status_logic.go:60.2,60.12 1 1
mistletoe/internal/app/status_logic.go:64.106,70.44 5 1
mistletoe/internal/app/status_logic.go:70.44,72.28 2 1
mistletoe/internal/app/status_logic.go:72.28,75.17 3 1
mistletoe/internal/app/status_logic.go:75.17,75.26 1 1
mistletoe/internal/app/status_logic.go:77.4,78.18 2 1
mistletoe/internal/app/status_logic.go:78.18,82.5 3 1
mistletoe/internal/app/status_logic.go:85.2,87.39 2 1
mistletoe/internal/app/status_logic.go:87.39,89.3 1 0
mistletoe/internal/app/status_logic.go:91.2,91.13 1 1
mistletoe/internal/app/status_logic.go:94.92,97.38 3 1
mistletoe/internal/app/status_logic.go:97.38,99.3 1 1
mistletoe/internal/app/status_logic.go:101.2,101.54 1 1
mistletoe/internal/app/status_logic.go:101.54,103.3 1 0
mistletoe/internal/app/status_logic.go:108.2,115.16 6 1
mistletoe/internal/app/status_logic.go:115.16,117.22 2 1
mistletoe/internal/app/status_logic.go:117.22,119.4 1 1
mistletoe/internal/app/status_logic.go:120.3,120.22 1 1
mistletoe/internal/app/status_logic.go:120.22,122.4 1 1
mistletoe/internal/app/status_logic.go:123.3,123.22 1 1
mistletoe/internal/app/status_logic.go:123.22,125.41 2 1
mistletoe/internal/app/status_logic.go:125.41,127.23 2 1
mistletoe/internal/app/status_logic.go:127.23,131.6 3 1
mistletoe/internal/app/status_logic.go:132.10,135.5 2 0
mistletoe/internal/app/status_logic.go:136.9,140.4 2 0
mistletoe/internal/app/status_logic.go:141.8,144.17 2 0
mistletoe/internal/app/status_logic.go:144.17,146.4 1 0
mistletoe/internal/app/status_logic.go:147.3,147.27 1 0
mistletoe/internal/app/status_logic.go:147.27,149.4 1 0
mistletoe/internal/app/status_logic.go:153.2,154.40 2 1
mistletoe/internal/app/status_logic.go:154.40,156.3 1 1
mistletoe/internal/app/status_logic.go:156.8,156.27 1 0
mistletoe/internal/app/status_logic.go:156.27,158.3 1 0
mistletoe/internal/app/status_logic.go:158.8,158.29 1 0
mistletoe/internal/app/status_logic.go:158.29,160.3 1 0
mistletoe/internal/app/status_logic.go:163.2,164.46 2 1
mistletoe/internal/app/status_logic.go:164.46,166.3 1 1
mistletoe/internal/app/status_logic.go:167.2,167.50 1 1
mistletoe/internal/app/status_logic.go:167.50,168.22 1 0
mistletoe/internal/app/status_logic.go:168.22,170.4 1 0
mistletoe/internal/app/status_logic.go:170.9,172.4 1 0
mistletoe/internal/app/status_logic.go:176.2,180.17 4 1
mistletoe/internal/app/status_logic.go:180.17,183.15 1 1
mistletoe/internal/app/status_logic.go:183.15,188.4 1 1
mistletoe/internal/app/status_logic.go:191.3,192.33 2 1
mistletoe/internal/app/status_logic.go:192.33,197.29 3 1
mistletoe/internal/app/status_logic.go:197.29,199.5 1 1
mistletoe/internal/app/status_logic.go:199.10,201.5 1 0
mistletoe/internal/app/status_logic.go:202.4,207.27 2 1
mistletoe/internal/app/status_logic.go:207.27,209.35 2 1
mistletoe/internal/app/status_logic.go:209.35,211.6 1 1
mistletoe/internal/app/status_logic.go:217.2,221.49 4 1
mistletoe/internal/app/status_logic.go:221.49,227.38 1 1
mistletoe/internal/app/status_logic.go:227.38,230.34 2 1
mistletoe/internal/app/status_logic.go:230.34,232.5 1 1
mistletoe/internal/app/status_logic.go:237.3,237.77 1 1
mistletoe/internal/app/status_logic.go:237.77,238.39 1 1
mistletoe/internal/app/status_logic.go:238.39,242.35 2 1
mistletoe/internal/app/status_logic.go:242.35,244.6 1 1
mistletoe/internal/app/status_logic.go:246.5,246.19 1 1
mistletoe/internal/app/status_logic.go:246.19,250.34 2 1
mistletoe/internal/app/status_logic.go:250.34,254.21 3 1
mistletoe/internal/app/status_logic.go:254.21,255.47 1 1
mistletoe/internal/app/status_logic.go:255.47,257.9 1 0
mistletoe/internal/app/status_logic.go:264.8,264.48 1 0
mistletoe/internal/app/status_logic.go:264.48,267.3 1 0
mistletoe/internal/app/status_logic.go:269.2,281.3 1 1
mistletoe/internal/app/status_logic.go:285.42,312.27 4 0
mistletoe/internal/app/status_logic.go:312.27,315.22 2 0
mistletoe/internal/app/status_logic.go:315.22,317.4 1 0
mistletoe/internal/app/status_logic.go:319.3,319.22 1 0
mistletoe/internal/app/status_logic.go:319.22,321.4 1 0
mistletoe/internal/app/status_logic.go:321.9,321.28 1 0
mistletoe/internal/app/status_logic.go:321.28,323.4 1 0
mistletoe/internal/app/status_logic.go:325.3,325.22 1 0
mistletoe/internal/app/status_logic.go:325.22,327.4 1 0
mistletoe/internal/app/status_logic.go:330.3,331.37 2 0
mistletoe/internal/app/status_logic.go:331.37,333.4 1 0
mistletoe/internal/app/status_logic.go:335.3,335.86 1 0
mistletoe/internal/app/status_logic.go:337.2,337.39 1 0
mistletoe/internal/app/status_logic.go:337.39,339.3 1 0
mistletoe/internal/app/status_logic.go:340.2,340.136 1 0
mistletoe/internal/app/switch.go:10.67,13.2 2 0
mistletoe/internal/app/switch.go:15.54,31.53 14 0
mistletoe/internal/app/switch.go:31.53,34.3 2 0
mistletoe/internal/app/switch.go:36.2,37.16 2 0
mistletoe/internal/app/switch.go:37.16,40.3 2 0
mistletoe/internal/app/switch.go:41.2,44.23 3 0
mistletoe/internal/app/switch.go:44.23,46.3 1 0
mistletoe/internal/app/switch.go:48.2,49.22 2 0
mistletoe/internal/app/switch.go:49.22,51.3 1 0
mistletoe/internal/app/switch.go:51.8,53.3 1 0
mistletoe/internal/app/switch.go:55.2,55.16 1 0
mistletoe/internal/app/switch.go:55.16,58.3 2 0
mistletoe/internal/app/switch.go:60.2,63.28 3 0
mistletoe/internal/app/switch.go:63.28,64.25 1 0
mistletoe/internal/app/switch.go:64.25,67.4 2 0
mistletoe/internal/app/switch.go:68.3,69.16 2 0
mistletoe/internal/app/switch.go:70.8,72.26 1 0
mistletoe/internal/app/switch.go:72.26,75.4 2 0
mistletoe/internal/app/switch.go:75.9,75.32 1 0
mistletoe/internal/app/switch.go:75.32,78.4 2 0
mistletoe/internal/app/switch.go:79.3,80.17 2 0
mistletoe/internal/app/switch.go:84.2,84.85 1 0
mistletoe/internal/app/switch.go:84.85,87.3 2 0
mistletoe/internal/app/switch.go:90.2,97.44 5 0
mistletoe/internal/app/switch.go:97.44,99.28 2 0
mistletoe/internal/app/switch.go:99.28,102.17 3 0
mistletoe/internal/app/switch.go:102.17,102.26 1 0
mistletoe/internal/app/switch.go:104.4,107.50 2 0
mistletoe/internal/app/switch.go:107.50,110.5 2 0
mistletoe/internal/app/switch.go:112.4,115.15 4 0
mistletoe/internal/app/switch.go:118.2,120.13 2 0
mistletoe/internal/app/switch.go:120.13,123.45 2 0
mistletoe/internal/app/switch.go:123.45,125.23 2 0
mistletoe/internal/app/switch.go:125.23,127.5 1 0
mistletoe/internal/app/switch.go:130.3,130.23 1 0
mistletoe/internal/app/switch.go:130.23,132.33 2 0
mistletoe/internal/app/switch.go:132.33,134.5 1 0
mistletoe/internal/app/switch.go:135.4,135.14 1 0
mistletoe/internal/app/switch.go:139.3,139.45 1 0
mistletoe/internal/app/switch.go:139.45,141.29 2 0
mistletoe/internal/app/switch.go:141.29,144.18 3 0
mistletoe/internal/app/switch.go:144.18,144.27 1 0
mistletoe/internal/app/switch.go:146.5,148.97 3 0
mistletoe/internal/app/switch.go:148.97,151.6 2 0
mistletoe/internal/app/switch.go:154.3,154.12 1 0
mistletoe/internal/app/switch.go:155.8,157.45 1 0
mistletoe/internal/app/switch.go:157.45,159.29 2 0
mistletoe/internal/app/switch.go:159.29,162.18 3 0
mistletoe/internal/app/switch.go:162.18,162.27 1 0
mistletoe/internal/app/switch.go:164.5,169.15 5 0
mistletoe/internal/app/switch.go:169.15,171.98 2 0
mistletoe/internal/app/switch.go:171.98,174.7 2 0
mistletoe/internal/app/switch.go:175.11,177.104 2 0
mistletoe/internal/app/switch.go:177.104,180.7 2 0
mistletoe/internal/app/switch.go:184.3,184.12 1 0
mistletoe/internal/app/sync.go:11.52,24.53 11 0
mistletoe/internal/app/sync.go:24.53,27.3 2 0
mistletoe/internal/app/sync.go:29.2,30.16 2 0
mistletoe/internal/app/sync.go:30.16,33.3 2 0
mistletoe/internal/app/sync.go:34.2,37.22 3 0
mistletoe/internal/app/sync.go:37.22,39.3 1 0
mistletoe/internal/app/sync.go:39.8,41.3 1 0
mistletoe/internal/app/sync.go:43.2,43.16 1 0
mistletoe/internal/app/sync.go:43.16,46.3 2 0
mistletoe/internal/app/sync.go:48.2,50.48 2 0
mistletoe/internal/app/sync.go:50.48,54.3 3 0
mistletoe/internal/app/sync.go:56.2,59.85 2 0
mistletoe/internal/app/sync.go:59.85,61.3 1 0
mistletoe/internal/app/sync.go:64.2,72.27 5 0
mistletoe/internal/app/sync.go:72.27,74.21 1 0
mistletoe/internal/app/sync.go:74.21,76.23 2 0
mistletoe/internal/app/sync.go:76.23,78.5 1 0
mistletoe/internal/app/sync.go:82.2,84.15 2 0
mistletoe/internal/app/sync.go:84.15,85.20 1 0
mistletoe/internal/app/sync.go:85.20,90.22 4 0
mistletoe/internal/app/sync.go:90.22,92.18 2 0
mistletoe/internal/app/sync.go:93.23,94.48 1 0
mistletoe/internal/app/sync.go:95.24,96.45 1 0
mistletoe/internal/app/sync.go:97.28,99.16 2 0
mistletoe/internal/app/sync.go:100.13,102.16 2 0
mistletoe/internal/app/sync.go:104.10,107.5 1 0
mistletoe/internal/app/sync.go:108.9,110.4 1 0
mistletoe/internal/app/sync.go:114.2,114.27 1 0
mistletoe/internal/app/sync.go:114.27,115.26 1 0
mistletoe/internal/app/sync.go:115.26,117.12 2 0
mistletoe/internal/app/sync.go:120.3,121.92 2 0
mistletoe/internal/app/sync.go:121.92,124.4 2 0
mistletoe/internal/app/utils.go:19.45,23.2 3 1
mistletoe/internal/app/utils.go:29.87,31.13 2 1
mistletoe/internal/app/utils.go:31.13,33.3 1 1
mistletoe/internal/app/utils.go:34.2,34.15 1 1
mistletoe/internal/app/utils.go:34.15,35.14 1 1
mistletoe/internal/app/utils.go:35.14,37.4 1 1
mistletoe/internal/app/utils.go:40.2,41.15 2 1
mistletoe/internal/app/utils.go:41.15,43.3 1 1
mistletoe/internal/app/utils.go:44.2,45.16 2 1
mistletoe/internal/app/utils.go:45.16,47.3 1 0
mistletoe/internal/app/utils.go:48.2,48.44 1 1
mistletoe/internal/app/utils.go:52.88,54.13 2 0
mistletoe/internal/app/utils.go:54.13,56.3 1 0
mistletoe/internal/app/utils.go:57.2,57.15 1 0
mistletoe/internal/app/utils.go:57.15,58.14 1 0
mistletoe/internal/app/utils.go:58.14,60.4 1 0
mistletoe/internal/app/utils.go:63.2,64.15 2 0
mistletoe/internal/app/utils.go:64.15,66.3 1 0
mistletoe/internal/app/utils.go:67.2,69.18 3 0
mistletoe/internal/app/utils.go:75.73,77.13 2 1
mistletoe/internal/app/utils.go:77.13,79.3 1 0
mistletoe/internal/app/utils.go:80.2,80.15 1 1
mistletoe/internal/app/utils.go:80.15,81.14 1 1
mistletoe/internal/app/utils.go:81.14,83.4 1 0
mistletoe/internal/app/utils.go:86.2,88.16 3 1
mistletoe/internal/app/utils.go:88.16,90.3 1 1
mistletoe/internal/app/utils.go:91.2,91.44 1 1
mistletoe/internal/app/utils.go:99.34,101.18 2 0
mistletoe/internal/app/utils.go:101.18,102.48 1 0
mistletoe/internal/app/utils.go:102.48,104.4 1 0
mistletoe/internal/app/utils.go:104.9,104.60 1 0
mistletoe/internal/app/utils.go:104.60,106.4 1 0
mistletoe/internal/app/utils.go:106.9,108.4 1 0
mistletoe/internal/app/utils.go:111.2,112.16 2 0
mistletoe/internal/app/utils.go:112.16,114.3 1 0
mistletoe/internal/app/utils.go:115.2,123.34 7 0
mistletoe/internal/app/utils.go:123.34,125.3 1 0
mistletoe/internal/app/utils.go:127.2,128.16 2 0
mistletoe/internal/app/utils.go:128.16,130.3 1 0
mistletoe/internal/app/utils.go:132.2,133.19 2 0
mistletoe/internal/app/utils.go:133.19,135.3 1 0
mistletoe/internal/app/utils.go:137.2,137.21 1 0
mistletoe/internal/app/utils.go:145.98,148.42 2 1
mistletoe/internal/app/utils.go:148.42,150.3 1 1
mistletoe/internal/app/utils.go:150.8,150.59 1 1
mistletoe/internal/app/utils.go:150.59,152.3 1 1
mistletoe/internal/app/utils.go:154.2,154.28 1 1
mistletoe/internal/app/utils.go:154.28,156.3 1 1
mistletoe/internal/app/utils.go:157.2,157.28 1 1
mistletoe/internal/app/utils.go:157.28,159.3 1 1
mistletoe/internal/app/utils.go:162.2,163.22 2 1
mistletoe/internal/app/utils.go:163.22,165.3 1 1
mistletoe/internal/app/utils.go:168.2,169.22 2 1
mistletoe/internal/app/utils.go:169.22,171.45 2 1
mistletoe/internal/app/utils.go:171.45,174.18 2 1
mistletoe/internal/app/utils.go:174.18,176.5 1 0
mistletoe/internal/app/utils.go:178.4,178.26 1 1
mistletoe/internal/app/utils.go:182.2,182.46 1 1
mistletoe/internal/app/utils.go:196.40,202.2 1 0
mistletoe/internal/app/utils.go:205.27,206.16 1 0
mistletoe/internal/app/utils.go:206.16,208.3 1 0
mistletoe/internal/app/utils.go:209.2,209.12 1 0
mistletoe/internal/app/utils.go:209.12,215.7 6 0
mistletoe/internal/app/utils.go:215.7,216.11 1 0
mistletoe/internal/app/utils.go:217.18,219.11 2 0
mistletoe/internal/app/utils.go:220.20,222.29 2 0
mistletoe/internal/app/utils.go:229.26,230.16 1 0
mistletoe/internal/app/utils.go:230.16,232.3 1 0
mistletoe/internal/app/utils.go:233.2,233.9 1 0
mistletoe/internal/app/utils.go:234.28,235.11 1 0
mistletoe/internal/app/utils.go:236.10,236.10 0 0
mistletoe/internal/app/version_common.go:11.49,13.22 2 0
mistletoe/internal/app/version_common.go:13.22,15.3 1 0
mistletoe/internal/app/version_common.go:16.2,21.50 5 0
mistletoe/internal/app/version_common.go:21.50,24.3 2 0
mistletoe/internal/app/version_common.go:26.2,27.62 2 0
mistletoe/internal/app/version_common.go:27.62,29.3 1 0
mistletoe/internal/app/version_common.go:29.8,29.41 1 0
mistletoe/internal/app/version_common.go:29.41,31.3 1 0
mistletoe/internal/app/version_common.go:32.2,35.16 3 0
mistletoe/internal/app/version_common.go:35.16,38.3 2 0
mistletoe/internal/app/version_common.go:39.2,40.20 2 0
mistletoe/internal/app/version_common.go:40.20,42.3 1 0
mistletoe/internal/app/version_gh.go:11.42,17.61 4 0
mistletoe/internal/app/version_gh.go:17.61,19.3 1 0
mistletoe/internal/app/version_gh.go:19.8,19.40 1 0
mistletoe/internal/app/version_gh.go:19.40,21.3 1 0
mistletoe/internal/app/version_gh.go:22.2,25.16 3 0
mistletoe/internal/app/version_gh.go:25.16,27.23 2 0
mistletoe/internal/app/version_gh.go:27.23,29.4 1 0
mistletoe/internal/app/version_gh.go:30.8,32.3 1 0
mistletoe/internal/app/version_mstl.go:4.44,6.2 1 0
