mode: set
mistletoe/config.go:29.48,31.54 2 1
mistletoe/config.go:31.54,33.3 1 1
mistletoe/config.go:35.2,35.32 1 1
mistletoe/config.go:35.32,37.3 1 1
mistletoe/config.go:39.2,39.44 1 1
mistletoe/config.go:39.44,40.22 1 1
mistletoe/config.go:40.22,42.4 1 1
mistletoe/config.go:45.2,45.21 1 1
mistletoe/config.go:50.53,52.29 2 1
mistletoe/config.go:52.29,53.39 1 1
mistletoe/config.go:53.39,54.25 1 1
mistletoe/config.go:54.25,56.5 1 1
mistletoe/config.go:57.4,57.28 1 1
mistletoe/config.go:60.2,60.12 1 1
mistletoe/config.go:65.41,66.38 1 1
mistletoe/config.go:66.38,68.3 1 1
mistletoe/config.go:70.2,70.21 1 1
mistletoe/config.go:70.21,72.3 1 0
mistletoe/config.go:73.2,75.41 3 1
mistletoe/config.go:78.53,79.22 1 1
mistletoe/config.go:79.22,81.3 1 0
mistletoe/config.go:83.2,84.16 2 1
mistletoe/config.go:84.16,85.25 1 1
mistletoe/config.go:85.25,87.4 1 1
mistletoe/config.go:88.3,88.57 1 0
mistletoe/config.go:91.2,92.16 2 1
mistletoe/config.go:92.16,94.3 1 1
mistletoe/config.go:96.2,96.67 1 1
mistletoe/config.go:96.67,98.3 1 0
mistletoe/config.go:100.2,100.20 1 1
mistletoe/flags.go:13.64,19.33 4 1
mistletoe/flags.go:19.33,20.26 1 1
mistletoe/flags.go:20.26,22.4 1 1
mistletoe/flags.go:25.2,25.33 1 1
mistletoe/flags.go:25.33,27.55 2 1
mistletoe/flags.go:27.55,31.39 3 1
mistletoe/flags.go:31.39,33.5 1 0
mistletoe/flags.go:35.4,35.35 1 1
mistletoe/flags.go:35.35,38.5 2 0
mistletoe/flags.go:40.4,40.30 1 1
mistletoe/flags.go:40.30,42.5 1 1
mistletoe/flags.go:44.4,44.14 1 1
mistletoe/flags.go:44.14,48.56 2 1
mistletoe/flags.go:48.56,49.25 1 1
mistletoe/flags.go:49.25,52.7 2 1
mistletoe/flags.go:52.12,55.7 1 1
mistletoe/flags.go:57.5,57.13 1 1
mistletoe/flags.go:61.3,61.33 1 1
mistletoe/flags.go:65.2,66.26 2 1
mistletoe/flags.go:73.36,74.31 1 1
mistletoe/flags.go:74.31,76.3 1 1
mistletoe/flags.go:77.2,77.14 1 1
mistletoe/freeze.go:10.54,16.53 5 0
mistletoe/freeze.go:16.53,19.3 2 0
mistletoe/freeze.go:21.2,22.22 2 0
mistletoe/freeze.go:22.22,24.3 1 0
mistletoe/freeze.go:26.2,26.22 1 0
mistletoe/freeze.go:26.22,29.3 2 0
mistletoe/freeze.go:31.2,31.47 1 0
mistletoe/freeze.go:31.47,34.3 2 0
mistletoe/freeze.go:36.2,37.16 2 0
mistletoe/freeze.go:37.16,40.3 2 0
mistletoe/freeze.go:42.2,44.32 2 0
mistletoe/freeze.go:44.32,45.21 1 0
mistletoe/freeze.go:45.21,46.12 1 0
mistletoe/freeze.go:49.3,52.44 3 0
mistletoe/freeze.go:52.44,54.12 1 0
mistletoe/freeze.go:58.3,59.17 2 0
mistletoe/freeze.go:59.17,62.18 2 0
mistletoe/freeze.go:62.18,64.13 2 0
mistletoe/freeze.go:70.3,71.17 2 0
mistletoe/freeze.go:71.17,74.4 2 0
mistletoe/freeze.go:76.3,78.23 2 0
mistletoe/freeze.go:78.23,81.18 3 0
mistletoe/freeze.go:81.18,84.5 2 0
mistletoe/freeze.go:87.3,90.19 3 0
mistletoe/freeze.go:90.19,92.4 1 0
mistletoe/freeze.go:93.3,94.21 2 0
mistletoe/freeze.go:94.21,96.4 1 0
mistletoe/freeze.go:98.3,104.30 2 0
mistletoe/freeze.go:107.2,112.16 3 0
mistletoe/freeze.go:112.16,115.3 2 0
mistletoe/freeze.go:117.2,117.61 1 0
mistletoe/freeze.go:117.61,120.3 2 0
mistletoe/help.go:7.46,19.2 11 0
mistletoe/init.go:12.79,16.16 2 0
mistletoe/init.go:16.16,18.3 1 0
mistletoe/init.go:21.2,22.16 2 0
mistletoe/init.go:22.16,24.3 1 0
mistletoe/init.go:25.2,25.18 1 0
mistletoe/init.go:25.18,27.3 1 0
mistletoe/init.go:28.2,28.19 1 0
mistletoe/init.go:32.68,33.29 1 1
mistletoe/init.go:33.29,36.25 3 1
mistletoe/init.go:36.25,37.12 1 1
mistletoe/init.go:39.3,39.17 1 1
mistletoe/init.go:39.17,41.4 1 0
mistletoe/init.go:43.3,43.20 1 1
mistletoe/init.go:43.20,45.4 1 1
mistletoe/init.go:48.3,49.44 2 1
mistletoe/init.go:49.44,52.18 2 1
mistletoe/init.go:52.18,55.5 1 0
mistletoe/init.go:57.4,57.31 1 1
mistletoe/init.go:57.31,59.5 1 1
mistletoe/init.go:62.4,62.96 1 1
mistletoe/init.go:62.96,64.19 2 0
mistletoe/init.go:64.19,66.6 1 0
mistletoe/init.go:67.5,67.15 1 0
mistletoe/init.go:67.15,69.6 1 0
mistletoe/init.go:72.9,74.24 1 1
mistletoe/init.go:74.24,76.19 2 1
mistletoe/init.go:76.19,78.6 1 0
mistletoe/init.go:79.5,82.19 3 1
mistletoe/init.go:82.19,85.6 1 1
mistletoe/init.go:87.5,87.15 1 1
mistletoe/init.go:89.4,89.18 1 1
mistletoe/init.go:89.18,91.5 1 1
mistletoe/init.go:94.2,94.12 1 1
mistletoe/init.go:97.52,109.53 10 0
mistletoe/init.go:109.53,112.3 2 0
mistletoe/init.go:114.2,115.16 2 0
mistletoe/init.go:115.16,118.3 2 0
mistletoe/init.go:120.2,121.16 2 0
mistletoe/init.go:121.16,124.3 2 0
mistletoe/init.go:126.2,126.80 1 0
mistletoe/init.go:126.80,129.3 2 0
mistletoe/init.go:131.2,134.44 3 0
mistletoe/init.go:134.44,136.28 2 0
mistletoe/init.go:136.28,139.17 3 0
mistletoe/init.go:139.17,139.26 1 0
mistletoe/init.go:142.4,143.17 2 0
mistletoe/init.go:143.17,145.5 1 0
mistletoe/init.go:146.4,154.67 5 0
mistletoe/init.go:154.67,156.46 2 0
mistletoe/init.go:156.46,159.6 2 0
mistletoe/init.go:162.4,162.19 1 0
mistletoe/init.go:162.19,164.75 2 0
mistletoe/init.go:164.75,168.6 2 0
mistletoe/init.go:172.4,172.52 1 0
mistletoe/init.go:172.52,175.98 2 0
mistletoe/init.go:175.98,178.6 2 0
mistletoe/init.go:180.5,180.49 1 0
mistletoe/init.go:180.49,183.103 2 0
mistletoe/init.go:183.103,185.7 1 0
mistletoe/init.go:187.10,187.55 1 0
mistletoe/init.go:187.55,190.96 2 0
mistletoe/init.go:190.96,192.6 1 0
mistletoe/init.go:196.2,196.11 1 0
mistletoe/main.go:26.57,28.19 1 1
mistletoe/main.go:28.19,30.3 1 1
mistletoe/main.go:32.2,35.36 3 1
mistletoe/main.go:38.40,40.22 2 0
mistletoe/main.go:40.22,42.3 1 0
mistletoe/main.go:43.2,50.50 4 0
mistletoe/main.go:50.50,53.3 2 0
mistletoe/main.go:56.2,57.62 2 0
mistletoe/main.go:57.62,59.3 1 0
mistletoe/main.go:59.8,59.41 1 0
mistletoe/main.go:59.41,61.3 1 0
mistletoe/main.go:62.2,65.16 3 0
mistletoe/main.go:65.16,68.3 2 0
mistletoe/main.go:70.2,71.20 2 0
mistletoe/main.go:71.20,73.3 1 0
mistletoe/main.go:76.26,77.58 1 0
mistletoe/main.go:77.58,79.3 1 0
mistletoe/main.go:80.2,80.14 1 0
mistletoe/main.go:83.40,86.2 2 0
mistletoe/main.go:88.13,90.16 2 0
mistletoe/main.go:90.16,93.3 2 0
mistletoe/main.go:95.2,101.36 4 0
mistletoe/main.go:101.36,104.3 2 0
mistletoe/main.go:106.2,110.20 2 0
mistletoe/main.go:111.14,112.31 1 0
mistletoe/main.go:113.16,114.33 1 0
mistletoe/main.go:115.16,116.33 1 0
mistletoe/main.go:117.16,118.33 1 0
mistletoe/main.go:119.14,120.31 1 0
mistletoe/main.go:121.14,122.31 1 0
mistletoe/main.go:123.14,124.31 1 0
mistletoe/main.go:125.17,126.22 1 0
mistletoe/main.go:127.10,129.31 1 0
mistletoe/main.go:130.10,132.13 2 0
mistletoe/push.go:11.52,21.53 8 0
mistletoe/push.go:21.53,24.3 2 0
mistletoe/push.go:26.2,27.16 2 0
mistletoe/push.go:27.16,30.3 2 0
mistletoe/push.go:32.2,33.16 2 0
mistletoe/push.go:33.16,36.3 2 0
mistletoe/push.go:38.2,40.48 2 0
mistletoe/push.go:40.48,44.3 3 0
mistletoe/push.go:46.2,49.76 2 0
mistletoe/push.go:49.76,51.3 1 0
mistletoe/push.go:54.2,60.27 4 0
mistletoe/push.go:60.27,61.22 1 0
mistletoe/push.go:61.22,63.4 1 0
mistletoe/push.go:66.2,66.27 1 0
mistletoe/push.go:66.27,67.21 1 0
mistletoe/push.go:67.21,69.4 1 0
mistletoe/push.go:73.2,74.27 2 0
mistletoe/push.go:74.27,75.22 1 0
mistletoe/push.go:75.22,77.4 1 0
mistletoe/push.go:80.2,80.24 1 0
mistletoe/push.go:80.24,83.3 2 0
mistletoe/push.go:85.2,91.36 6 0
mistletoe/push.go:91.36,92.32 1 0
mistletoe/push.go:92.32,95.105 2 0
mistletoe/push.go:95.105,97.5 1 0
mistletoe/status.go:9.54,19.53 8 0
mistletoe/status.go:19.53,22.3 2 0
mistletoe/status.go:24.2,25.16 2 0
mistletoe/status.go:25.16,28.3 2 0
mistletoe/status.go:30.2,31.16 2 0
mistletoe/status.go:31.16,34.3 2 0
mistletoe/status.go:36.2,38.48 2 0
mistletoe/status.go:38.48,42.3 3 0
mistletoe/status.go:44.2,47.76 2 0
mistletoe/status.go:47.76,49.3 1 0
mistletoe/status.go:52.2,56.25 3 0
mistletoe/status_logic.go:36.74,37.44 1 1
mistletoe/status_logic.go:37.44,40.25 3 1
mistletoe/status_logic.go:40.25,41.12 1 1
mistletoe/status_logic.go:43.3,43.17 1 1
mistletoe/status_logic.go:43.17,45.4 1 0
mistletoe/status_logic.go:46.3,46.20 1 1
mistletoe/status_logic.go:46.20,48.4 1 1
mistletoe/status_logic.go:51.3,52.44 2 1
mistletoe/status_logic.go:52.44,54.4 1 1
mistletoe/status_logic.go:57.3,58.17 2 1
mistletoe/status_logic.go:58.17,60.4 1 0
mistletoe/status_logic.go:61.3,61.30 1 1
mistletoe/status_logic.go:61.30,63.4 1 1
mistletoe/status_logic.go:65.2,65.12 1 1
mistletoe/status_logic.go:69.78,75.44 5 1
mistletoe/status_logic.go:75.44,77.28 2 1
mistletoe/status_logic.go:77.28,80.17 3 1
mistletoe/status_logic.go:80.17,80.26 1 1
mistletoe/status_logic.go:82.4,83.18 2 1
mistletoe/status_logic.go:83.18,87.5 3 1
mistletoe/status_logic.go:90.2,92.39 2 1
mistletoe/status_logic.go:92.39,94.3 1 1
mistletoe/status_logic.go:96.2,96.13 1 1
mistletoe/status_logic.go:99.64,102.38 3 1
mistletoe/status_logic.go:102.38,104.3 1 1
mistletoe/status_logic.go:106.2,106.54 1 1
mistletoe/status_logic.go:106.54,108.3 1 0
mistletoe/status_logic.go:111.2,112.16 2 1
mistletoe/status_logic.go:112.16,114.3 1 0
mistletoe/status_logic.go:115.2,116.26 2 1
mistletoe/status_logic.go:116.26,118.3 1 0
mistletoe/status_logic.go:121.2,122.16 2 1
mistletoe/status_logic.go:122.16,124.3 1 0
mistletoe/status_logic.go:127.2,128.40 2 1
mistletoe/status_logic.go:128.40,130.3 1 1
mistletoe/status_logic.go:130.8,130.27 1 0
mistletoe/status_logic.go:130.27,132.3 1 0
mistletoe/status_logic.go:135.2,136.46 2 1
mistletoe/status_logic.go:136.46,138.3 1 1
mistletoe/status_logic.go:139.2,139.50 1 1
mistletoe/status_logic.go:139.50,140.22 1 0
mistletoe/status_logic.go:140.22,142.4 1 0
mistletoe/status_logic.go:142.9,144.4 1 0
mistletoe/status_logic.go:148.2,149.16 2 1
mistletoe/status_logic.go:149.16,151.3 1 0
mistletoe/status_logic.go:154.2,158.17 4 1
mistletoe/status_logic.go:158.17,162.33 2 1
mistletoe/status_logic.go:162.33,165.23 2 1
mistletoe/status_logic.go:165.23,170.30 3 1
mistletoe/status_logic.go:170.30,172.6 1 1
mistletoe/status_logic.go:172.11,174.6 1 0
mistletoe/status_logic.go:175.5,180.28 2 1
mistletoe/status_logic.go:180.28,182.36 2 1
mistletoe/status_logic.go:182.36,184.7 1 1
mistletoe/status_logic.go:191.2,195.49 4 1
mistletoe/status_logic.go:195.49,200.20 3 1
mistletoe/status_logic.go:200.20,203.18 2 1
mistletoe/status_logic.go:203.18,206.19 2 1
mistletoe/status_logic.go:206.19,208.6 1 1
mistletoe/status_logic.go:214.3,214.38 1 1
mistletoe/status_logic.go:214.38,217.34 2 1
mistletoe/status_logic.go:217.34,219.5 1 1
mistletoe/status_logic.go:224.3,224.77 1 1
mistletoe/status_logic.go:224.77,225.39 1 1
mistletoe/status_logic.go:225.39,226.22 1 1
mistletoe/status_logic.go:226.22,229.6 1 0
mistletoe/status_logic.go:229.11,233.36 2 1
mistletoe/status_logic.go:233.36,235.7 1 1
mistletoe/status_logic.go:238.5,238.37 1 1
mistletoe/status_logic.go:238.37,242.34 2 1
mistletoe/status_logic.go:242.34,246.21 3 1
mistletoe/status_logic.go:246.21,247.47 1 1
mistletoe/status_logic.go:247.47,249.9 1 0
mistletoe/status_logic.go:256.8,256.48 1 0
mistletoe/status_logic.go:256.48,259.3 1 0
mistletoe/status_logic.go:261.2,272.3 1 1
mistletoe/status_logic.go:275.42,302.27 4 0
mistletoe/status_logic.go:302.27,305.22 2 0
mistletoe/status_logic.go:305.22,307.4 1 0
mistletoe/status_logic.go:308.3,308.21 1 0
mistletoe/status_logic.go:308.21,310.4 1 0
mistletoe/status_logic.go:310.9,310.29 1 0
mistletoe/status_logic.go:310.29,312.4 1 0
mistletoe/status_logic.go:314.3,314.22 1 0
mistletoe/status_logic.go:314.22,316.4 1 0
mistletoe/status_logic.go:319.3,320.37 2 0
mistletoe/status_logic.go:320.37,322.4 1 0
mistletoe/status_logic.go:324.3,324.86 1 0
mistletoe/status_logic.go:326.2,326.39 1 0
mistletoe/status_logic.go:326.39,328.3 1 0
mistletoe/status_logic.go:329.2,329.66 1 0
mistletoe/switch.go:10.53,13.2 2 0
mistletoe/switch.go:15.54,28.53 11 0
mistletoe/switch.go:28.53,31.3 2 0
mistletoe/switch.go:33.2,34.16 2 0
mistletoe/switch.go:34.16,37.3 2 0
mistletoe/switch.go:39.2,40.23 2 0
mistletoe/switch.go:40.23,42.3 1 0
mistletoe/switch.go:44.2,45.16 2 0
mistletoe/switch.go:45.16,48.3 2 0
mistletoe/switch.go:50.2,53.28 3 0
mistletoe/switch.go:53.28,54.25 1 0
mistletoe/switch.go:54.25,57.4 2 0
mistletoe/switch.go:58.3,59.16 2 0
mistletoe/switch.go:60.8,62.26 1 0
mistletoe/switch.go:62.26,65.4 2 0
mistletoe/switch.go:65.9,65.32 1 0
mistletoe/switch.go:65.32,68.4 2 0
mistletoe/switch.go:69.3,70.17 2 0
mistletoe/switch.go:74.2,81.44 5 0
mistletoe/switch.go:81.44,83.28 2 0
mistletoe/switch.go:83.28,86.17 3 0
mistletoe/switch.go:86.17,86.26 1 0
mistletoe/switch.go:88.4,91.50 2 0
mistletoe/switch.go:91.50,94.5 2 0
mistletoe/switch.go:96.4,99.15 4 0
mistletoe/switch.go:102.2,104.13 2 0
mistletoe/switch.go:104.13,107.45 2 0
mistletoe/switch.go:107.45,109.23 2 0
mistletoe/switch.go:109.23,111.5 1 0
mistletoe/switch.go:114.3,114.23 1 0
mistletoe/switch.go:114.23,116.33 2 0
mistletoe/switch.go:116.33,118.5 1 0
mistletoe/switch.go:119.4,119.14 1 0
mistletoe/switch.go:123.3,123.45 1 0
mistletoe/switch.go:123.45,125.29 2 0
mistletoe/switch.go:125.29,128.18 3 0
mistletoe/switch.go:128.18,128.27 1 0
mistletoe/switch.go:130.5,132.88 3 0
mistletoe/switch.go:132.88,135.6 2 0
mistletoe/switch.go:138.3,138.12 1 0
mistletoe/switch.go:139.8,141.45 1 0
mistletoe/switch.go:141.45,143.29 2 0
mistletoe/switch.go:143.29,146.18 3 0
mistletoe/switch.go:146.18,146.27 1 0
mistletoe/switch.go:148.5,153.15 5 0
mistletoe/switch.go:153.15,155.89 2 0
mistletoe/switch.go:155.89,158.7 2 0
mistletoe/switch.go:159.11,161.95 2 0
mistletoe/switch.go:161.95,164.7 2 0
mistletoe/switch.go:168.3,168.12 1 0
mistletoe/sync.go:11.52,21.53 8 0
mistletoe/sync.go:21.53,24.3 2 0
mistletoe/sync.go:26.2,27.16 2 0
mistletoe/sync.go:27.16,30.3 2 0
mistletoe/sync.go:32.2,33.16 2 0
mistletoe/sync.go:33.16,36.3 2 0
mistletoe/sync.go:38.2,40.48 2 0
mistletoe/sync.go:40.48,44.3 3 0
mistletoe/sync.go:46.2,49.76 2 0
mistletoe/sync.go:49.76,51.3 1 0
mistletoe/sync.go:54.2,62.27 5 0
mistletoe/sync.go:62.27,64.21 1 0
mistletoe/sync.go:64.21,66.23 2 0
mistletoe/sync.go:66.23,68.5 1 0
mistletoe/sync.go:72.2,74.15 2 0
mistletoe/sync.go:74.15,75.20 1 0
mistletoe/sync.go:75.20,80.22 4 0
mistletoe/sync.go:80.22,82.18 2 0
mistletoe/sync.go:83.23,84.48 1 0
mistletoe/sync.go:85.24,86.45 1 0
mistletoe/sync.go:87.28,89.16 2 0
mistletoe/sync.go:90.13,92.16 2 0
mistletoe/sync.go:94.10,97.5 1 0
mistletoe/sync.go:98.9,100.4 1 0
mistletoe/sync.go:104.2,104.27 1 0
mistletoe/sync.go:104.27,105.26 1 0
mistletoe/sync.go:105.26,107.12 2 0
mistletoe/sync.go:110.3,111.83 2 0
mistletoe/sync.go:111.83,114.4 2 0
mistletoe/utils.go:15.73,17.15 2 1
mistletoe/utils.go:17.15,19.3 1 1
mistletoe/utils.go:20.2,21.16 2 1
mistletoe/utils.go:21.16,23.3 1 1
mistletoe/utils.go:24.2,24.44 1 1
mistletoe/utils.go:28.74,30.15 2 0
mistletoe/utils.go:30.15,32.3 1 0
mistletoe/utils.go:33.2,35.18 3 0
mistletoe/utils.go:42.90,45.29 2 1
mistletoe/utils.go:45.29,47.3 1 1
mistletoe/utils.go:47.8,47.41 1 1
mistletoe/utils.go:47.41,49.3 1 1
mistletoe/utils.go:51.2,51.28 1 1
mistletoe/utils.go:51.28,53.3 1 1
mistletoe/utils.go:54.2,54.28 1 1
mistletoe/utils.go:54.28,56.3 1 1
mistletoe/utils.go:59.2,60.22 2 1
mistletoe/utils.go:60.22,62.3 1 1
mistletoe/utils.go:64.2,64.34 1 1
mistletoe/utils.go:74.28,79.2 1 0
mistletoe/utils.go:81.27,82.12 1 0
mistletoe/utils.go:82.12,88.7 6 0
mistletoe/utils.go:88.7,89.11 1 0
mistletoe/utils.go:90.18,92.11 2 0
mistletoe/utils.go:93.20,95.29 2 0
mistletoe/utils.go:101.26,102.9 1 0
mistletoe/utils.go:103.28,104.11 1 0
mistletoe/utils.go:105.10,105.10 0 0
